#
# A fatal error has been detected by the Java Runtime Environment:
#
#  EXCEPTION_ACCESS_VIOLATION (0xc0000005) at pc=0x000001fca6cd66d3, pid=5736, tid=5684
#
# JRE version: OpenJDK Runtime Environment Temurin-21.0.4+7 (21.0.4+7) (build 21.0.4+7-LTS)
# Java VM: OpenJDK 64-Bit Server VM Temurin-21.0.4+7 (21.0.4+7-LTS, mixed mode, tiered, compressed oops, compressed class ptrs, g1 gc, windows-amd64)
# Problematic frame:
# v  ~BufferBlob::MethodHandles adapters 0x000001fca6cd66d3
#
# No core dump will be written. Minidumps are not enabled by default on client versions of Windows
#
# If you would like to submit a bug report, please visit:
#   https://github.com/adoptium/adoptium-support/issues
#

---------------  S U M M A R Y ------------

Command Line: -XX:+ShowCodeDetailsInExceptionMessages -agentlib:jdwp=transport=dt_socket,suspend=y,address=localhost:57154 -javaagent:F:\intrust\sts-4.26.0.RELEASE\configuration\org.eclipse.osgi\271\0\.cp\lib\javaagent-shaded.jar -Dfile.encoding=UTF-8 -Dstdout.encoding=UTF-8 -Dstderr.encoding=UTF-8 com.hims.patient_care.PatientCareApplication

Host: Intel(R) Core(TM) i5-8365U CPU @ 1.60GHz, 8 cores, 15G,  Windows 11 , 64 bit Build 22621 (10.0.22621.4391)
Time: Thu Nov 21 10:37:08 2024 India Standard Time elapsed time: 47656.236452 seconds (0d 13h 14m 16s)

---------------  T H R E A D  ---------------

Current thread (0x000001fcc27141b0):  JavaThread "restartedMain"        [_thread_in_Java, id=5684, stack(0x00000029a9500000,0x00000029a9600000) (1024K)]

Stack: [0x00000029a9500000,0x00000029a9600000],  sp=0x00000029a95fc1e8,  free space=1008k
Native frames: (J=compiled Java code, j=interpreted, Vv=VM code, C=native code)
C  0x000001fca6cd66d3

The last pc belongs to _linkToSpecial (printed below).

siginfo: EXCEPTION_ACCESS_VIOLATION (0xc0000005), reading address 0xffffffffffffffff


Registers:
RAX=0x000001fca6c891b4, RBX=0xe0dc13b300000000, RCX=0x00000029a95fc1f0, RDX=0x0000000000000002
RSP=0x00000029a95fc1e8, RBP=0x00000029a95fc238, RSI=0x000001fcbf6f5e68, RDI=0x000001fcc3284f20
R8 =0x0000000000000004, R9 =0x0000000000000004, R10=0x0000000800caaf38, R11=0x000001fcb73f8250
R12=0x0000000000000000, R13=0x00000029a95fc1e8, R14=0x00000029a95fc258, R15=0x000001fcc27141b0
RIP=0x000001fca6cd66d3, EFLAGS=0x0000000000010246


Register to memory mapping:

RAX=0x000001fca6c891b4 is at code_begin+3380 in an Interpreter codelet
return entry points  [0x000001fca6c88480, 0x000001fca6c8a590]  8464 bytes
RBX=0xe0dc13b300000000 is an unknown value
RCX=0x00000029a95fc1f0 is pointing into the stack for thread: 0x000001fcc27141b0
RDX=0x0000000000000002 is an unknown value
RSP=0x00000029a95fc1e8 is pointing into the stack for thread: 0x000001fcc27141b0
RBP=0x00000029a95fc238 is pointing into the stack for thread: 0x000001fcc27141b0
RSI=0x000001fcbf6f5e68 points into unknown readable memory: 0x80003900b645a500 | 00 a5 45 b6 00 39 00 80
RDI=0x000001fcc3284f20 points into unknown readable memory: 0x0000001800000040 | 40 00 00 00 18 00 00 00
R8 =0x0000000000000004 is an unknown value
R9 =0x0000000000000004 is an unknown value
R10=0x0000000800caaf38 is a pointer to class: 
com.hims.patient_care.util.JwtUtil {0x0000000800caaf40}
 - instance size:     2
 - klass size:        68
 - access:            public synchronized 
 - flags:             rewritten has_nonstatic_fields should_verify_class has_localvariable_table has_resolved_methods 
 - state:             fully_initialized
 - name:              'com/hims/patient_care/util/JwtUtil'
 - super:             'java/lang/Object'
 - sub:               
 - arrays:            null
 - methods:           Array<T>(0x000001fcc6a25f60)
 - method ordering:   Array<T>(0x000001fcc6a262b0)
 - default_methods:   Array<T>(0x0000000000000000)
 - local interfaces:  Array<T>(0x000001fcb7000058)
 - trans. interfaces: Array<T>(0x000001fcb7000058)
 - constants:         constant pool [38] {0x000001fcc6a25dd0} for 'com/hims/patient_care/util/JwtUtil' cache=0x000001fcc6ad59e0
 - class loader data:  loader data: 0x000001fcc972d750 for instance a 'org/springframework/boot/devtools/restart/classloader/RestartClassLoader'{0x0000000706600080}
 - source file:       'JwtUtil.java'
 - source debug extension:       SMAP
JwtUtil.java
Java
*S jdt
*F
1 JwtUtil.java
2 file:/F:/back-end/patient-care/target/classes/
*L
*E

 - class annotations:       Array<T>(0x000001fcc6a26260)
 - class type annotations:  Array<T>(0x0000000000000000)
 - field annotations:       Array<T>(0x0000000000000000)
 - field type annotations:  Array<T>(0x0000000000000000)
 - inner classes:     Array<T>(0x000001fcb7000028)
 - nest members:     Array<T>(0x000001fcb7000028)
 - permitted subclasses:     Array<T>(0x000001fcb7000028)
 - java mirror:       a 'java/lang/Class'{0x00000007066df1c8} = 'com/hims/patient_care/util/JwtUtil'
 - vtable length      8  (start addr: 0x0000000800cab100)
 - itable length      2 (start addr: 0x0000000800cab140)
 - ---- static fields (0 words):
 - ---- non-static fields (1 words):
 - private 'secretKey' 'Ljavax/crypto/SecretKey;' @12 
 - non-static oop maps: 12-12 
R11={method} {0x000001fcb73f8258} 'newInvokeSpecial' '(Ljava/lang/Object;)Ljava/lang/Object;' in 'java/lang/invoke/DirectMethodHandle$Holder'
R12=0x0 is null
R13=0x00000029a95fc1e8 is pointing into the stack for thread: 0x000001fcc27141b0
R14=0x00000029a95fc258 is pointing into the stack for thread: 0x000001fcc27141b0
R15=0x000001fcc27141b0 is a thread

Top of Stack: (sp=0x00000029a95fc1e8)
0x00000029a95fc1e8:   000001fca6c891b4 00000029a95fc1f0
0x00000029a95fc1f8:   000001fcb73f823f 0000000000000004
0x00000029a95fc208:   000001fcb73fc018 000001fcb89d2fa8
0x00000029a95fc218:   000000070394d1b8 000001fcb73f8250
0x00000029a95fc228:   00000029a95fc1e8 00000029a95fc260
0x00000029a95fc238:   0000000706e09d00 000001fca744afdc
0x00000029a95fc248:   0000000706e09ca0 0000000706e09d48
0x00000029a95fc258:   0000000706e09d00 0000000706e09ae8
0x00000029a95fc268:   0000000706e09a90 000000070420ef90
0x00000029a95fc278:   0000000100000000 0000000706e09ae8
0x00000029a95fc288:   0000000706e09d30 0000000706e09d00
0x00000029a95fc298:   00000007000000d5 0000000706e09950
0x00000029a95fc2a8:   00000000e0dc132b 0000000706e09d00
0x00000029a95fc2b8:   000001fca77565a4 000001fca744a290
0x00000029a95fc2c8:   e0c859f30d32fa68 0000000000000000
0x00000029a95fc2d8:   000001fca7b51344 00000007e0cdbe39
0x00000029a95fc2e8:   00007ffe655c304d 0000000703e01150
0x00000029a95fc2f8:   0000000703e01150 0000002900000000
0x00000029a95fc308:   0000000706e09ae8 000000070420ef90
0x00000029a95fc318:   0000000706e09ad8 0000000706e09a90
0x00000029a95fc328:   00000007066df1c8 00000007066df1c8
0x00000029a95fc338:   0000000703c847f0 00000007066df1c8
0x00000029a95fc348:   0000000704222690 e076dfe606792f38
0x00000029a95fc358:   000001fc9fc6ba94 00000007066df1c8
0x00000029a95fc368:   000001fc00000000 000001fca7b50608
0x00000029a95fc378:   0000000706e09a90 0000000706792f38
0x00000029a95fc388:   000001fca02e6b39 000000070799e828
0x00000029a95fc398:   0000000000000000 00000029a95fc390
0x00000029a95fc3a8:   00000007067884c0 00000007067884c0
0x00000029a95fc3b8:   000001fca7706dcc 0000000000000000
0x00000029a95fc3c8:   0000000706e09438 0000000000000000
0x00000029a95fc3d8:   0000000706e09440 000000070799e828 

Instructions: (pc=0x000001fca6cd66d3)
0x000001fca6cd65d3:   00 00 00 74 03 ff 63 38 ff 63 50 e9 1d c0 fd ff
0x000001fca6cd65e3:   66 66 66 0f 1f 84 00 00 00 00 00 66 66 66 90 66
0x000001fca6cd65f3:   66 0f 1f 84 00 00 00 00 00 66 66 66 90 48 8b 53
0x000001fca6cd6603:   08 0f b7 52 2e 48 8b 0c d4 58 5b 50 44 8b 51 08
0x000001fca6cd6613:   49 bb 00 00 00 00 08 00 00 00 4d 03 d3 4c 8b 5b
0x000001fca6cd6623:   10 4b 8b 9c da c8 01 00 00 48 85 db 0f 84 10 00
0x000001fca6cd6633:   00 00 41 80 bf e0 05 00 00 00 74 03 ff 63 38 ff
0x000001fca6cd6643:   63 50 e9 b6 bf fd ff 66 66 66 0f 1f 84 00 00 00
0x000001fca6cd6653:   00 00 66 66 66 90 0f 1f 80 00 00 00 00 58 5b 50
0x000001fca6cd6663:   8b 5b 24 48 c1 e3 03 48 8b 5b 10 48 85 db 0f 84
0x000001fca6cd6673:   10 00 00 00 41 80 bf e0 05 00 00 00 74 03 ff 63
0x000001fca6cd6683:   38 ff 63 50 e9 74 bf fd ff 66 66 66 0f 1f 84 00
0x000001fca6cd6693:   00 00 00 00 66 66 66 90 0f 1f 44 00 00 48 8b 53
0x000001fca6cd66a3:   08 0f b7 52 2e 48 8b 0c d4 58 5b 50 48 3b 01 8b
0x000001fca6cd66b3:   5b 24 48 c1 e3 03 48 8b 5b 10 48 85 db 0f 84 10
0x000001fca6cd66c3:   00 00 00 41 80 bf e0 05 00 00 00 74 03 ff 63 38
0x000001fca6cd66d3:   ff 63 50 e9 25 bf fd ff 0f 1f 44 00 00 48 8b 53
0x000001fca6cd66e3:   08 0f b7 52 2e 48 8b 0c d4 58 5b 50 44 8b 51 08
0x000001fca6cd66f3:   49 bb 00 00 00 00 08 00 00 00 4d 03 d3 8b 43 18
0x000001fca6cd6703:   48 c1 e0 03 48 8b 40 10 48 8b 5b 10 45 8b 9a a0
0x000001fca6cd6713:   00 00 00 4f 8d 9c da c8 01 00 00 4d 8d 14 da 49
0x000001fca6cd6723:   8b 1b 48 3b c3 74 15 48 85 db 0f 84 32 00 00 00
0x000001fca6cd6733:   49 83 c3 10 49 8b 1b 48 3b c3 75 eb 45 8b 5b 08
0x000001fca6cd6743:   4b 8b 1c 1a 48 85 db 0f 84 10 00 00 00 41 80 bf
0x000001fca6cd6753:   e0 05 00 00 00 74 03 ff 63 38 ff 63 50 e9 9b be
0x000001fca6cd6763:   fd ff e9 96 bb fd ff f4 00 00 00 00 00 00 00 00
0x000001fca6cd6773:   00 00 00 00 00 00 00 00 00 00 00 00 00 00 00 00
0x000001fca6cd6783:   00 00 00 00 00 00 00 00 00 00 00 00 00 00 00 00
0x000001fca6cd6793:   00 00 00 00 00 00 00 00 00 00 00 00 00 00 00 00
0x000001fca6cd67a3:   00 00 00 00 00 00 00 00 00 00 00 00 00 00 00 00
0x000001fca6cd67b3:   00 00 00 00 00 00 00 00 00 00 00 00 00 00 00 00
0x000001fca6cd67c3:   00 00 00 00 00 00 00 00 00 00 00 00 00 00 00 00 


Stack slot to memory mapping:

stack at sp + 0 slots: 0x000001fca6c891b4 is at code_begin+3380 in an Interpreter codelet
return entry points  [0x000001fca6c88480, 0x000001fca6c8a590]  8464 bytes
stack at sp + 1 slots: 0x00000029a95fc1f0 is pointing into the stack for thread: 0x000001fcc27141b0
stack at sp + 2 slots: 0x000001fcb73f823f is pointing into metadata
stack at sp + 3 slots: 0x0000000000000004 is an unknown value
stack at sp + 4 slots: 0x000001fcb73fc018 is pointing into metadata
stack at sp + 5 slots: 0x000001fcb89d2fa8 is pointing into metadata
stack at sp + 6 slots: 0x000000070394d1b8 is an oop: java.lang.Class 
{0x000000070394d1b8} - klass: 'java/lang/Class'
 - ---- fields (total size 14 words):
 - private volatile transient 'classRedefinedCount' 'I' @12  0 (0x00000000)
 - injected 'klass' 'J' @16  34359948240 (0x00000008000333d0)
 - injected 'array_klass' 'J' @24  0 (0x0000000000000000)
 - injected 'oop_size' 'I' @32  14 (0x0000000e)
 - injected 'static_oop_field_count' 'I' @36  0 (0x00000000)
 - private volatile transient 'cachedConstructor' 'Ljava/lang/reflect/Constructor;' @40  null (0x00000000)
 - private transient 'name' 'Ljava/lang/String;' @44  null (0x00000000)
 - private transient 'module' 'Ljava/lang/Module;' @48  a 'java/lang/Module'{0x0000000703943a30} (0xe0728746)
 - private final 'classLoader' 'Ljava/lang/ClassLoader;' @52  null (0x00000000)
 - private transient 'classData' 'Ljava/lang/Object;' @56  null (0x00000000)
 - private transient 'packageName' 'Ljava/lang/String;' @60  null (0x00000000)
 - private final 'componentType' 'Ljava/lang/Class;' @64  null (0x00000000)
 - private volatile transient 'reflectionData' 'Ljava/lang/ref/SoftReference;' @68  null (0x00000000)
 - private volatile transient 'genericInfo' 'Lsun/reflect/generics/repository/ClassRepository;' @72  null (0x00000000)
 - private volatile transient 'enumConstants' '[Ljava/lang/Object;' @76  null (0x00000000)
 - private volatile transient 'enumConstantDirectory' 'Ljava/util/Map;' @80  null (0x00000000)
 - private volatile transient 'annotationData' 'Ljava/lang/Class$AnnotationData;' @84  null (0x00000000)
 - private volatile transient 'annotationType' 'Lsun/reflect/annotation/AnnotationType;' @88  null (0x00000000)
 - transient 'classValueMap' 'Ljava/lang/ClassValue$ClassValueMap;' @92  null (0x00000000)
 - injected 'protection_domain' 'Ljava/lang/Object;' @96  null (0x00000000)
 - injected 'signers_name' 'Ljava/lang/Object;' @100  null (0x00000000)
 - injected 'source_file' 'Ljava/lang/Object;' @104  null (0x00000000)
 - signature: Ljava/lang/invoke/DirectMethodHandle$Holder;
 - ---- static fields (0):
stack at sp + 7 slots: {method} {0x000001fcb73f8258} 'newInvokeSpecial' '(Ljava/lang/Object;)Ljava/lang/Object;' in 'java/lang/invoke/DirectMethodHandle$Holder'

MethodHandle::interpreter_entry::_linkToSpecial [0x000001fca6cd668c, 0x000001fca6cd66db] (79 bytes)
[MachCode]
  0x000001fca6cd668c: 6666 660f | 1f84 0000 | 0000 0066 | 6666 900f | 1f44 0000 | 488b 5308 | 0fb7 522e | 488b 0cd4 
  0x000001fca6cd66ac: 585b 5048 | 3b01 8b5b | 2448 c1e3 | 0348 8b5b | 1048 85db | 0f84 1000 | 0000 4180 | bfe0 0500 
  0x000001fca6cd66cc: 0000 7403 | ff63 38ff | 6350 e925 | 
[/MachCode]

---------------  P R O C E S S  ---------------

Threads class SMR info:
_java_thread_list=0x000001fcc41919f0, length=26, elements={
0x000001fcb64f1c80, 0x000001fcb653fab0, 0x000001fcb6522a00, 0x000001fcb6525620,
0x000001fcb6540b00, 0x000001fcb65438f0, 0x000001fcb6548130, 0x000001fcb6552fa0,
0x000001fcb6543260, 0x000001fcb6792120, 0x000001fcbb12e490, 0x000001fcbb12eb10,
0x000001fcb6541190, 0x000001fcc2716910, 0x000001fcc2719d90, 0x000001fcc41b85d0,
0x000001fcc217d030, 0x000001fcc2717cc0, 0x000001fcc27141b0, 0x000001fcc2716fa0,
0x000001fcc2712e00, 0x000001fcc2717630, 0x000001fcc27189e0, 0x000001fcbcdae900,
0x000001fcc217c9a0, 0x000001fcbcdaefd0
}

Java Threads: ( => current thread )
  0x000001fcb64f1c80 JavaThread "Reference Handler"          daemon [_thread_blocked, id=21436, stack(0x00000029a8900000,0x00000029a8a00000) (1024K)]
  0x000001fcb653fab0 JavaThread "Finalizer"                  daemon [_thread_blocked, id=20964, stack(0x00000029a8a00000,0x00000029a8b00000) (1024K)]
  0x000001fcb6522a00 JavaThread "Signal Dispatcher"          daemon [_thread_blocked, id=10756, stack(0x00000029a8b00000,0x00000029a8c00000) (1024K)]
  0x000001fcb6525620 JavaThread "Attach Listener"            daemon [_thread_blocked, id=11024, stack(0x00000029a8c00000,0x00000029a8d00000) (1024K)]
  0x000001fcb6540b00 JavaThread "Service Thread"             daemon [_thread_blocked, id=21056, stack(0x00000029a8d00000,0x00000029a8e00000) (1024K)]
  0x000001fcb65438f0 JavaThread "Monitor Deflation Thread"   daemon [_thread_blocked, id=4020, stack(0x00000029a8e00000,0x00000029a8f00000) (1024K)]
  0x000001fcb6548130 JavaThread "C2 CompilerThread0"         daemon [_thread_blocked, id=10884, stack(0x00000029a8f00000,0x00000029a9000000) (1024K)]
  0x000001fcb6552fa0 JavaThread "C1 CompilerThread0"         daemon [_thread_blocked, id=5116, stack(0x00000029a9000000,0x00000029a9100000) (1024K)]
  0x000001fcb6543260 JavaThread "Common-Cleaner"             daemon [_thread_blocked, id=18492, stack(0x00000029a9100000,0x00000029a9200000) (1024K)]
  0x000001fcb6792120 JavaThread "JDWP Transport Listener: dt_socket" daemon [_thread_blocked, id=19992, stack(0x00000029a9200000,0x00000029a9300000) (1024K)]
  0x000001fcbb12e490 JavaThread "JDWP Event Helper Thread"   daemon [_thread_blocked, id=2108, stack(0x00000029a9300000,0x00000029a9400000) (1024K)]
  0x000001fcbb12eb10 JavaThread "JDWP Command Reader"        daemon [_thread_in_native, id=14236, stack(0x00000029a9400000,0x00000029a9500000) (1024K)]
  0x000001fcb6541190 JavaThread "Notification Thread"        daemon [_thread_blocked, id=11552, stack(0x00000029a9600000,0x00000029a9700000) (1024K)]
  0x000001fcc2716910 JavaThread "mysql-cj-abandoned-connection-cleanup" daemon [_thread_blocked, id=21480, stack(0x00000029aa500000,0x00000029aa600000) (1024K)]
  0x000001fcc2719d90 JavaThread "Live Reload Server"         daemon [_thread_in_native, id=1824, stack(0x00000029aab00000,0x00000029aac00000) (1024K)]
  0x000001fcc41b85d0 JavaThread "DestroyJavaVM"                     [_thread_blocked, id=18476, stack(0x00000029a8100000,0x00000029a8200000) (1024K)]
  0x000001fcc217d030 JavaThread "File Watcher"               daemon [_thread_blocked, id=6332, stack(0x00000029a8000000,0x00000029a8100000) (1024K)]
  0x000001fcc2717cc0 JavaThread "Thread-62"                         [_thread_blocked, id=11192, stack(0x00000029a7e00000,0x00000029a7f00000) (1024K)]
=>0x000001fcc27141b0 JavaThread "restartedMain"                     [_thread_in_Java, id=5684, stack(0x00000029a9500000,0x00000029a9600000) (1024K)]
  0x000001fcc2716fa0 JavaThread "Catalina-utility-1"                [_thread_blocked, id=8360, stack(0x00000029a9e00000,0x00000029a9f00000) (1024K)]
  0x000001fcc2712e00 JavaThread "Catalina-utility-2"                [_thread_blocked, id=14708, stack(0x00000029a9f00000,0x00000029aa000000) (1024K)]
  0x000001fcc2717630 JavaThread "container-1"                       [_thread_blocked, id=13552, stack(0x00000029aa000000,0x00000029aa100000) (1024K)]
  0x000001fcc27189e0 JavaThread "HikariPool-16 housekeeper"  daemon [_thread_blocked, id=2976, stack(0x00000029aa100000,0x00000029aa200000) (1024K)]
  0x000001fcbcdae900 JavaThread "C2 CompilerThread1"         daemon [_thread_blocked, id=14380, stack(0x00000029aa300000,0x00000029aa400000) (1024K)]
  0x000001fcc217c9a0 JavaThread "HikariPool-16 connection adder" daemon [_thread_blocked, id=17188, stack(0x00000029aa400000,0x00000029aa500000) (1024K)]
  0x000001fcbcdaefd0 JavaThread "C2 CompilerThread2"         daemon [_thread_blocked, id=23280, stack(0x00000029aa600000,0x00000029aa700000) (1024K)]
Total: 26

Other Threads:
  0x000001fcb648c6a0 VMThread "VM Thread"                           [id=980, stack(0x00000029a8800000,0x00000029a8900000) (1024K)] _threads_hazard_ptr=0x000001fcc41919f0
  0x000001fcb3b827a0 WatcherThread "VM Periodic Task Thread"        [id=20644, stack(0x00000029a8700000,0x00000029a8800000) (1024K)]
  0x000001fc9bd060f0 WorkerThread "GC Thread#0"                     [id=4444, stack(0x00000029a8200000,0x00000029a8300000) (1024K)]
  0x000001fcbb963e80 WorkerThread "GC Thread#1"                     [id=8472, stack(0x00000029a9700000,0x00000029a9800000) (1024K)]
  0x000001fcbb80f4c0 WorkerThread "GC Thread#2"                     [id=18724, stack(0x00000029a9800000,0x00000029a9900000) (1024K)]
  0x000001fcbb80f860 WorkerThread "GC Thread#3"                     [id=14540, stack(0x00000029a9900000,0x00000029a9a00000) (1024K)]
  0x000001fcbb810000 WorkerThread "GC Thread#4"                     [id=20484, stack(0x00000029a9a00000,0x00000029a9b00000) (1024K)]
  0x000001fcbb8103a0 WorkerThread "GC Thread#5"                     [id=21324, stack(0x00000029a9b00000,0x00000029a9c00000) (1024K)]
  0x000001fcbba3aa50 WorkerThread "GC Thread#6"                     [id=10116, stack(0x00000029a9c00000,0x00000029a9d00000) (1024K)]
  0x000001fcbba3ba80 WorkerThread "GC Thread#7"                     [id=14172, stack(0x00000029a9d00000,0x00000029a9e00000) (1024K)]
  0x000001fcb3998a70 ConcurrentGCThread "G1 Main Marker"            [id=18352, stack(0x00000029a8300000,0x00000029a8400000) (1024K)]
  0x000001fc991ce8d0 WorkerThread "G1 Conc#0"                       [id=5708, stack(0x00000029a8400000,0x00000029a8500000) (1024K)]
  0x000001fcbc0b69a0 WorkerThread "G1 Conc#1"                       [id=6688, stack(0x00000029aa200000,0x00000029aa300000) (1024K)]
  0x000001fcb3a58500 ConcurrentGCThread "G1 Refine#0"               [id=4080, stack(0x00000029a8500000,0x00000029a8600000) (1024K)]
  0x000001fcb3a59070 ConcurrentGCThread "G1 Service"                [id=11468, stack(0x00000029a8600000,0x00000029a8700000) (1024K)]
Total: 15

Threads with active compile tasks:
Total: 0

VM state: synchronizing (normal execution)

VM Mutex/Monitor currently owned by a thread:  ([mutex/lock_event])
[0x00007ffe65de7308] Threads_lock - owner thread: 0x000001fcb648c6a0

Heap address: 0x0000000703600000, size: 4042 MB, Compressed Oops mode: Zero based, Oop shift amount: 3

CDS archive(s) not mapped
Compressed class space mapped at: 0x0000000800000000-0x0000000840000000, reserved size: 1073741824
Narrow klass base: 0x0000000800000000, Narrow klass shift: 0, Narrow klass range: 0x40000000

GC Precious Log:
 CardTable entry size: 512
 Card Set container configuration: InlinePtr #cards 4 size 8 Array Of Cards #cards 16 size 48 Howl #buckets 8 coarsen threshold 3686 Howl Bitmap #cards 512 size 80 coarsen threshold 460 Card regions per heap region 1 cards per card region 4096
 CPUs: 8 total, 8 available
 Memory: 16165M
 Large Page Support: Disabled
 NUMA Support: Disabled
 Compressed Oops: Enabled (Zero based)
 Heap Region Size: 2M
 Heap Min Capacity: 8M
 Heap Initial Capacity: 254M
 Heap Max Capacity: 4042M
 Pre-touch: Disabled
 Parallel Workers: 8
 Concurrent Workers: 2
 Concurrent Refinement Workers: 8
 Periodic GC: Disabled

Heap:
 garbage-first heap   total 96256K, used 75901K [0x0000000703600000, 0x0000000800000000)
  region size 2048K, 22 young (45056K), 3 survivors (6144K)
 Metaspace       used 104086K, committed 104960K, reserved 1179648K
  class space    used 12447K, committed 12864K, reserved 1048576K

Heap Regions: E=young(eden), S=young(survivor), O=old, HS=humongous(starts), HC=humongous(continues), CS=collection set, F=free, TAMS=top-at-mark-start, PB=parsable bottom
|   0|0x0000000703600000, 0x0000000703800000, 0x0000000703800000|100%| O|  |TAMS 0x0000000703600000| PB 0x0000000703600000| Untracked 
|   1|0x0000000703800000, 0x0000000703a00000, 0x0000000703a00000|100%| O|  |TAMS 0x0000000703800000| PB 0x0000000703800000| Untracked 
|   2|0x0000000703a00000, 0x0000000703c00000, 0x0000000703c00000|100%| O|  |TAMS 0x0000000703a00000| PB 0x0000000703a00000| Untracked 
|   3|0x0000000703c00000, 0x0000000703dfffe0, 0x0000000703e00000| 99%| O|  |TAMS 0x0000000703c00000| PB 0x0000000703c00000| Untracked 
|   4|0x0000000703e00000, 0x0000000703ffffe8, 0x0000000704000000| 99%| O|  |TAMS 0x0000000703e00000| PB 0x0000000703e00000| Untracked 
|   5|0x0000000704000000, 0x00000007041fff90, 0x0000000704200000| 99%| O|  |TAMS 0x0000000704000000| PB 0x0000000704000000| Untracked 
|   6|0x0000000704200000, 0x00000007043fff38, 0x0000000704400000| 99%| O|  |TAMS 0x0000000704200000| PB 0x0000000704200000| Untracked 
|   7|0x0000000704400000, 0x00000007045fff98, 0x0000000704600000| 99%| O|  |TAMS 0x0000000704400000| PB 0x0000000704400000| Untracked 
|   8|0x0000000704600000, 0x0000000704800000, 0x0000000704800000|100%| O|  |TAMS 0x0000000704600000| PB 0x0000000704600000| Untracked 
|   9|0x0000000704800000, 0x00000007049fffd8, 0x0000000704a00000| 99%| O|  |TAMS 0x0000000704800000| PB 0x0000000704800000| Untracked 
|  10|0x0000000704a00000, 0x0000000704bffff0, 0x0000000704c00000| 99%| O|  |TAMS 0x0000000704a00000| PB 0x0000000704a00000| Untracked 
|  11|0x0000000704c00000, 0x0000000704dfffe8, 0x0000000704e00000| 99%| O|  |TAMS 0x0000000704c00000| PB 0x0000000704c00000| Untracked 
|  12|0x0000000704e00000, 0x0000000705000000, 0x0000000705000000|100%| O|  |TAMS 0x0000000704e00000| PB 0x0000000704e00000| Untracked 
|  13|0x0000000705000000, 0x00000007051ffbb8, 0x0000000705200000| 99%| O|  |TAMS 0x0000000705000000| PB 0x0000000705000000| Untracked 
|  14|0x0000000705200000, 0x0000000705400000, 0x0000000705400000|100%| O|  |TAMS 0x0000000705200000| PB 0x0000000705200000| Untracked 
|  15|0x0000000705400000, 0x0000000705532950, 0x0000000705600000| 59%| O|  |TAMS 0x0000000705400000| PB 0x0000000705400000| Untracked 
|  16|0x0000000705600000, 0x00000007057343f0, 0x0000000705800000| 60%| O|  |TAMS 0x0000000705600000| PB 0x0000000705600000| Untracked 
|  17|0x0000000705800000, 0x0000000705920d98, 0x0000000705a00000| 56%| O|  |TAMS 0x0000000705800000| PB 0x0000000705800000| Untracked 
|  18|0x0000000705a00000, 0x0000000705a6bd68, 0x0000000705c00000| 21%| O|  |TAMS 0x0000000705a00000| PB 0x0000000705a00000| Untracked 
|  19|0x0000000705c00000, 0x0000000705c00000, 0x0000000705e00000|  0%| F|  |TAMS 0x0000000705c00000| PB 0x0000000705c00000| Untracked 
|  20|0x0000000705e00000, 0x0000000705e00000, 0x0000000706000000|  0%| F|  |TAMS 0x0000000705e00000| PB 0x0000000705e00000| Untracked 
|  21|0x0000000706000000, 0x0000000706000000, 0x0000000706200000|  0%| F|  |TAMS 0x0000000706000000| PB 0x0000000706000000| Untracked 
|  22|0x0000000706200000, 0x000000070622c5f0, 0x0000000706400000|  8%| S|CS|TAMS 0x0000000706200000| PB 0x0000000706200000| Complete 
|  23|0x0000000706400000, 0x0000000706600000, 0x0000000706600000|100%| S|CS|TAMS 0x0000000706400000| PB 0x0000000706400000| Complete 
|  24|0x0000000706600000, 0x0000000706800000, 0x0000000706800000|100%| S|CS|TAMS 0x0000000706600000| PB 0x0000000706600000| Complete 
|  25|0x0000000706800000, 0x0000000706800000, 0x0000000706a00000|  0%| F|  |TAMS 0x0000000706800000| PB 0x0000000706800000| Untracked 
|  26|0x0000000706a00000, 0x0000000706a00000, 0x0000000706c00000|  0%| F|  |TAMS 0x0000000706a00000| PB 0x0000000706a00000| Untracked 
|  27|0x0000000706c00000, 0x0000000706c00000, 0x0000000706e00000|  0%| F|  |TAMS 0x0000000706c00000| PB 0x0000000706c00000| Untracked 
|  28|0x0000000706e00000, 0x0000000706eea4e0, 0x0000000707000000| 45%| E|  |TAMS 0x0000000706e00000| PB 0x0000000706e00000| Complete 
|  29|0x0000000707000000, 0x0000000707200000, 0x0000000707200000|100%| E|CS|TAMS 0x0000000707000000| PB 0x0000000707000000| Complete 
|  30|0x0000000707200000, 0x0000000707400000, 0x0000000707400000|100%| E|CS|TAMS 0x0000000707200000| PB 0x0000000707200000| Complete 
|  31|0x0000000707400000, 0x0000000707600000, 0x0000000707600000|100%| E|CS|TAMS 0x0000000707400000| PB 0x0000000707400000| Complete 
|  32|0x0000000707600000, 0x0000000707800000, 0x0000000707800000|100%| E|CS|TAMS 0x0000000707600000| PB 0x0000000707600000| Complete 
|  33|0x0000000707800000, 0x0000000707a00000, 0x0000000707a00000|100%| E|CS|TAMS 0x0000000707800000| PB 0x0000000707800000| Complete 
|  34|0x0000000707a00000, 0x0000000707c00000, 0x0000000707c00000|100%| E|CS|TAMS 0x0000000707a00000| PB 0x0000000707a00000| Complete 
|  35|0x0000000707c00000, 0x0000000707e00000, 0x0000000707e00000|100%| E|CS|TAMS 0x0000000707c00000| PB 0x0000000707c00000| Complete 
|  36|0x0000000707e00000, 0x0000000708000000, 0x0000000708000000|100%| E|CS|TAMS 0x0000000707e00000| PB 0x0000000707e00000| Complete 
|  37|0x0000000708000000, 0x0000000708200000, 0x0000000708200000|100%| E|CS|TAMS 0x0000000708000000| PB 0x0000000708000000| Complete 
|  38|0x0000000708200000, 0x0000000708400000, 0x0000000708400000|100%| E|CS|TAMS 0x0000000708200000| PB 0x0000000708200000| Complete 
|  39|0x0000000708400000, 0x0000000708600000, 0x0000000708600000|100%| E|CS|TAMS 0x0000000708400000| PB 0x0000000708400000| Complete 
|  40|0x0000000708600000, 0x0000000708800000, 0x0000000708800000|100%| E|CS|TAMS 0x0000000708600000| PB 0x0000000708600000| Complete 
|  41|0x0000000708800000, 0x0000000708a00000, 0x0000000708a00000|100%| E|CS|TAMS 0x0000000708800000| PB 0x0000000708800000| Complete 
|  42|0x0000000708a00000, 0x0000000708c00000, 0x0000000708c00000|100%| E|CS|TAMS 0x0000000708a00000| PB 0x0000000708a00000| Complete 
|  43|0x0000000708c00000, 0x0000000708e00000, 0x0000000708e00000|100%| E|CS|TAMS 0x0000000708c00000| PB 0x0000000708c00000| Complete 
|  44|0x0000000708e00000, 0x0000000709000000, 0x0000000709000000|100%| E|CS|TAMS 0x0000000708e00000| PB 0x0000000708e00000| Complete 
|  45|0x0000000709000000, 0x0000000709200000, 0x0000000709200000|100%| E|CS|TAMS 0x0000000709000000| PB 0x0000000709000000| Complete 
|  46|0x0000000709200000, 0x0000000709400000, 0x0000000709400000|100%| E|CS|TAMS 0x0000000709200000| PB 0x0000000709200000| Complete 

Card table byte_map: [0x000001fcaf270000,0x000001fcafa60000] _byte_map_base: 0x000001fcaba55000

Marking Bits: (CMBitMap*) 0x000001fc9bd067f0
 Bits: [0x000001fcafa60000, 0x000001fcb3988000)

Polling page: 0x000001fc9b410000

Metaspace:

Usage:
  Non-class:     89.49 MB used.
      Class:     12.16 MB used.
       Both:    101.65 MB used.

Virtual space:
  Non-class space:      128.00 MB reserved,      89.94 MB ( 70%) committed,  2 nodes.
      Class space:        1.00 GB reserved,      12.56 MB (  1%) committed,  1 nodes.
             Both:        1.12 GB reserved,     102.50 MB (  9%) committed. 

Chunk freelists:
   Non-Class:  5.16 MB
       Class:  3.27 MB
        Both:  8.42 MB

MaxMetaspaceSize: unlimited
CompressedClassSpaceSize: 1.00 GB
Initial GC threshold: 21.00 MB
Current GC threshold: 169.50 MB
CDS: off
 - commit_granule_bytes: 65536.
 - commit_granule_words: 8192.
 - virtual_space_node_default_size: 8388608.
 - enlarge_chunks_in_place: 1.
 - use_allocation_guard: 0.


Internal statistics:

num_allocs_failed_limit: 12.
num_arena_births: 1422.
num_arena_deaths: 424.
num_vsnodes_births: 3.
num_vsnodes_deaths: 0.
num_space_committed: 1640.
num_space_uncommitted: 0.
num_chunks_returned_to_freelist: 493.
num_chunks_taken_from_freelist: 5372.
num_chunk_merges: 111.
num_chunk_splits: 3491.
num_chunks_enlarged: 2567.
num_inconsistent_stats: 0.

CodeHeap 'non-profiled nmethods': size=120000Kb used=12069Kb max_used=12069Kb free=107930Kb
 bounds [0x000001fca7220000, 0x000001fca7df0000, 0x000001fcae750000]
CodeHeap 'profiled nmethods': size=120000Kb used=21540Kb max_used=21540Kb free=98459Kb
 bounds [0x000001fc9f750000, 0x000001fca0c70000, 0x000001fca6c80000]
CodeHeap 'non-nmethods': size=5760Kb used=1790Kb max_used=1970Kb free=3969Kb
 bounds [0x000001fca6c80000, 0x000001fca6ef0000, 0x000001fca7220000]
 total_blobs=10873 nmethods=10126 adapters=649
 compilation: enabled
              stopped_count=0, restarted_count=0
 full_count=0

Compilation events (20 events):
Event: 47651.737 Thread 0x000001fcb6552fa0 nmethod 17002 0x000001fca0555490 code [0x000001fca0555660, 0x000001fca0555900]
Event: 47651.737 Thread 0x000001fcb6552fa0 17004       1       org.springframework.data.repository.query.parser.PartTree$Subject::isExistsProjection (5 bytes)
Event: 47651.737 Thread 0x000001fcb6552fa0 nmethod 17004 0x000001fca7de6a90 code [0x000001fca7de6c20, 0x000001fca7de6cf0]
Event: 47651.737 Thread 0x000001fcb6552fa0 17005       1       org.hibernate.query.sqm.tree.select.SqmQuerySpec::getWhereClause (5 bytes)
Event: 47651.737 Thread 0x000001fcb6552fa0 nmethod 17005 0x000001fca7de6d90 code [0x000001fca7de6f20, 0x000001fca7de6ff0]
Event: 47651.738 Thread 0x000001fcb6552fa0 17006       3       org.hibernate.type.AbstractStandardBasicType::getJavaType (10 bytes)
Event: 47651.738 Thread 0x000001fcb6552fa0 nmethod 17006 0x000001fca031d310 code [0x000001fca031d4c0, 0x000001fca031d810]
Event: 47651.738 Thread 0x000001fcb6552fa0 17007       3       org.springframework.data.domain.Sort::unsorted (4 bytes)
Event: 47651.738 Thread 0x000001fcb6552fa0 nmethod 17007 0x000001fc9f855710 code [0x000001fc9f8558a0, 0x000001fc9f855998]
Event: 47651.738 Thread 0x000001fcb6552fa0 17008       3       org.hibernate.query.sqm.tree.predicate.AbstractSqmPredicate::<init> (7 bytes)
Event: 47651.738 Thread 0x000001fcb6552fa0 nmethod 17008 0x000001fca031cc10 code [0x000001fca031cde0, 0x000001fca031d1a8]
Event: 47651.738 Thread 0x000001fcb6552fa0 17009       3       org.hibernate.query.sqm.internal.TypecheckUtil::getEmbeddableType (16 bytes)
Event: 47651.739 Thread 0x000001fcb6552fa0 nmethod 17009 0x000001fca0c66990 code [0x000001fca0c66b40, 0x000001fca0c66ec8]
Event: 47651.739 Thread 0x000001fcb6552fa0 17010       3       org.hibernate.query.sqm.tree.expression.AbstractSqmExpression::applyInferableType (1 bytes)
Event: 47651.739 Thread 0x000001fcb6552fa0 nmethod 17010 0x000001fc9fd84410 code [0x000001fc9fd845a0, 0x000001fc9fd846a8]
Event: 47651.739 Thread 0x000001fcb6552fa0 17011       3       java.lang.reflect.Proxy$$Lambda/0x00000008001207e8::run (8 bytes)
Event: 47651.739 Thread 0x000001fcb6552fa0 nmethod 17011 0x000001fca0554f10 code [0x000001fca05550c0, 0x000001fca0555328]
Event: 47651.741 Thread 0x000001fcbcdaefd0 nmethod 16988 0x000001fca7de7090 code [0x000001fca7de7380, 0x000001fca7de8650]
Event: 47651.742 Thread 0x000001fcbcdae900 17012       4       org.springframework.context.support.ApplicationListenerDetector::postProcessAfterInitialization (109 bytes)
Event: 47651.746 Thread 0x000001fcbcdae900 nmethod 17012 0x000001fca7de8f10 code [0x000001fca7de90e0, 0x000001fca7de9418]

GC Heap History (20 events):
Event: 47306.688 GC heap before
{Heap before GC invocations=63 (full 12):
 garbage-first heap   total 96256K, used 52564K [0x0000000703600000, 0x0000000800000000)
  region size 2048K, 9 young (18432K), 2 survivors (4096K)
 Metaspace       used 100149K, committed 100992K, reserved 1179648K
  class space    used 12071K, committed 12480K, reserved 1048576K
}
Event: 47306.752 GC heap after
{Heap after GC invocations=64 (full 13):
 garbage-first heap   total 96256K, used 33504K [0x0000000703600000, 0x0000000800000000)
  region size 2048K, 0 young (0K), 0 survivors (0K)
 Metaspace       used 100146K, committed 100992K, reserved 1179648K
  class space    used 12070K, committed 12480K, reserved 1048576K
}
Event: 47309.300 GC heap before
{Heap before GC invocations=64 (full 13):
 garbage-first heap   total 96256K, used 78560K [0x0000000703600000, 0x0000000800000000)
  region size 2048K, 22 young (45056K), 0 survivors (0K)
 Metaspace       used 100394K, committed 101248K, reserved 1179648K
  class space    used 12114K, committed 12544K, reserved 1048576K
}
Event: 47309.302 GC heap after
{Heap after GC invocations=65 (full 13):
 garbage-first heap   total 96256K, used 35890K [0x0000000703600000, 0x0000000800000000)
  region size 2048K, 2 young (4096K), 2 survivors (4096K)
 Metaspace       used 100394K, committed 101248K, reserved 1179648K
  class space    used 12114K, committed 12544K, reserved 1048576K
}
Event: 47309.895 GC heap before
{Heap before GC invocations=65 (full 13):
 garbage-first heap   total 96256K, used 78898K [0x0000000703600000, 0x0000000800000000)
  region size 2048K, 23 young (47104K), 2 survivors (4096K)
 Metaspace       used 100699K, committed 101504K, reserved 1179648K
  class space    used 12160K, committed 12544K, reserved 1048576K
}
Event: 47309.899 GC heap after
{Heap after GC invocations=66 (full 13):
 garbage-first heap   total 96256K, used 38927K [0x0000000703600000, 0x0000000800000000)
  region size 2048K, 3 young (6144K), 3 survivors (6144K)
 Metaspace       used 100699K, committed 101504K, reserved 1179648K
  class space    used 12160K, committed 12544K, reserved 1048576K
}
Event: 47310.311 GC heap before
{Heap before GC invocations=66 (full 13):
 garbage-first heap   total 96256K, used 77839K [0x0000000703600000, 0x0000000800000000)
  region size 2048K, 22 young (45056K), 3 survivors (6144K)
 Metaspace       used 102444K, committed 103296K, reserved 1179648K
  class space    used 12301K, committed 12736K, reserved 1048576K
}
Event: 47310.317 GC heap after
{Heap after GC invocations=67 (full 13):
 garbage-first heap   total 96256K, used 41453K [0x0000000703600000, 0x0000000800000000)
  region size 2048K, 2 young (4096K), 2 survivors (4096K)
 Metaspace       used 102444K, committed 103296K, reserved 1179648K
  class space    used 12301K, committed 12736K, reserved 1048576K
}
Event: 47330.646 GC heap before
{Heap before GC invocations=67 (full 13):
 garbage-first heap   total 96256K, used 59885K [0x0000000703600000, 0x0000000800000000)
  region size 2048K, 12 young (24576K), 2 survivors (4096K)
 Metaspace       used 102475K, committed 103360K, reserved 1179648K
  class space    used 12303K, committed 12736K, reserved 1048576K
}
Event: 47330.708 GC heap after
{Heap after GC invocations=68 (full 14):
 garbage-first heap   total 96256K, used 34297K [0x0000000703600000, 0x0000000800000000)
  region size 2048K, 0 young (0K), 0 survivors (0K)
 Metaspace       used 102469K, committed 103360K, reserved 1179648K
  class space    used 12302K, committed 12736K, reserved 1048576K
}
Event: 47331.112 GC heap before
{Heap before GC invocations=68 (full 14):
 garbage-first heap   total 96256K, used 77305K [0x0000000703600000, 0x0000000800000000)
  region size 2048K, 22 young (45056K), 0 survivors (0K)
 Metaspace       used 102744K, committed 103616K, reserved 1179648K
  class space    used 12335K, committed 12736K, reserved 1048576K
}
Event: 47331.115 GC heap after
{Heap after GC invocations=69 (full 14):
 garbage-first heap   total 96256K, used 38694K [0x0000000703600000, 0x0000000800000000)
  region size 2048K, 3 young (6144K), 3 survivors (6144K)
 Metaspace       used 102744K, committed 103616K, reserved 1179648K
  class space    used 12335K, committed 12736K, reserved 1048576K
}
Event: 47331.456 GC heap before
{Heap before GC invocations=69 (full 14):
 garbage-first heap   total 96256K, used 75558K [0x0000000703600000, 0x0000000800000000)
  region size 2048K, 21 young (43008K), 3 survivors (6144K)
 Metaspace       used 103207K, committed 104128K, reserved 1179648K
  class space    used 12374K, committed 12800K, reserved 1048576K
}
Event: 47331.460 GC heap after
{Heap after GC invocations=70 (full 14):
 garbage-first heap   total 96256K, used 41314K [0x0000000703600000, 0x0000000800000000)
  region size 2048K, 2 young (4096K), 2 survivors (4096K)
 Metaspace       used 103207K, committed 104128K, reserved 1179648K
  class space    used 12374K, committed 12800K, reserved 1048576K
}
Event: 47467.180 GC heap before
{Heap before GC invocations=70 (full 14):
 garbage-first heap   total 96256K, used 78178K [0x0000000703600000, 0x0000000800000000)
  region size 2048K, 20 young (40960K), 2 survivors (4096K)
 Metaspace       used 103235K, committed 104128K, reserved 1179648K
  class space    used 12375K, committed 12800K, reserved 1048576K
}
Event: 47467.186 GC heap after
{Heap after GC invocations=71 (full 14):
 garbage-first heap   total 96256K, used 42392K [0x0000000703600000, 0x0000000800000000)
  region size 2048K, 3 young (6144K), 3 survivors (6144K)
 Metaspace       used 103235K, committed 104128K, reserved 1179648K
  class space    used 12375K, committed 12800K, reserved 1048576K
}
Event: 47650.713 GC heap before
{Heap before GC invocations=72 (full 14):
 garbage-first heap   total 96256K, used 66968K [0x0000000703600000, 0x0000000800000000)
  region size 2048K, 16 young (32768K), 3 survivors (6144K)
 Metaspace       used 103243K, committed 104128K, reserved 1179648K
  class space    used 12375K, committed 12800K, reserved 1048576K
}
Event: 47650.775 GC heap after
{Heap after GC invocations=73 (full 15):
 garbage-first heap   total 96256K, used 34764K [0x0000000703600000, 0x0000000800000000)
  region size 2048K, 0 young (0K), 0 survivors (0K)
 Metaspace       used 103243K, committed 104128K, reserved 1179648K
  class space    used 12375K, committed 12800K, reserved 1048576K
}
Event: 47651.317 GC heap before
{Heap before GC invocations=73 (full 15):
 garbage-first heap   total 96256K, used 79820K [0x0000000703600000, 0x0000000800000000)
  region size 2048K, 22 young (45056K), 0 survivors (0K)
 Metaspace       used 103515K, committed 104448K, reserved 1179648K
  class space    used 12408K, committed 12864K, reserved 1048576K
}
Event: 47651.320 GC heap after
{Heap after GC invocations=74 (full 15):
 garbage-first heap   total 96256K, used 39037K [0x0000000703600000, 0x0000000800000000)
  region size 2048K, 3 young (6144K), 3 survivors (6144K)
 Metaspace       used 103515K, committed 104448K, reserved 1179648K
  class space    used 12408K, committed 12864K, reserved 1048576K
}

Dll operation events (12 events):
Event: 0.097 Loaded shared library F:\intrust\sts-4.26.0.RELEASE\plugins\org.eclipse.justj.openjdk.hotspot.jre.full.win32.x86_64_21.0.4.v20240802-1551\jre\bin\java.dll
Event: 0.114 Loaded shared library F:\intrust\sts-4.26.0.RELEASE\plugins\org.eclipse.justj.openjdk.hotspot.jre.full.win32.x86_64_21.0.4.v20240802-1551\jre\bin\zip.dll
Event: 0.440 Loaded shared library F:\intrust\sts-4.26.0.RELEASE\plugins\org.eclipse.justj.openjdk.hotspot.jre.full.win32.x86_64_21.0.4.v20240802-1551\jre\bin\instrument.dll
Event: 0.466 Loaded shared library F:\intrust\sts-4.26.0.RELEASE\plugins\org.eclipse.justj.openjdk.hotspot.jre.full.win32.x86_64_21.0.4.v20240802-1551\jre\bin\net.dll
Event: 0.480 Loaded shared library F:\intrust\sts-4.26.0.RELEASE\plugins\org.eclipse.justj.openjdk.hotspot.jre.full.win32.x86_64_21.0.4.v20240802-1551\jre\bin\nio.dll
Event: 0.499 Loaded shared library F:\intrust\sts-4.26.0.RELEASE\plugins\org.eclipse.justj.openjdk.hotspot.jre.full.win32.x86_64_21.0.4.v20240802-1551\jre\bin\zip.dll
Event: 1.286 Loaded shared library F:\intrust\sts-4.26.0.RELEASE\plugins\org.eclipse.justj.openjdk.hotspot.jre.full.win32.x86_64_21.0.4.v20240802-1551\jre\bin\jimage.dll
Event: 1.357 Loaded shared library F:\intrust\sts-4.26.0.RELEASE\plugins\org.eclipse.justj.openjdk.hotspot.jre.full.win32.x86_64_21.0.4.v20240802-1551\jre\bin\verify.dll
Event: 1.763 Loaded shared library F:\intrust\sts-4.26.0.RELEASE\plugins\org.eclipse.justj.openjdk.hotspot.jre.full.win32.x86_64_21.0.4.v20240802-1551\jre\bin\management.dll
Event: 1.775 Loaded shared library F:\intrust\sts-4.26.0.RELEASE\plugins\org.eclipse.justj.openjdk.hotspot.jre.full.win32.x86_64_21.0.4.v20240802-1551\jre\bin\management_ext.dll
Event: 2.829 Loaded shared library F:\intrust\sts-4.26.0.RELEASE\plugins\org.eclipse.justj.openjdk.hotspot.jre.full.win32.x86_64_21.0.4.v20240802-1551\jre\bin\sunmscapi.dll
Event: 6.048 Loaded shared library F:\intrust\sts-4.26.0.RELEASE\plugins\org.eclipse.justj.openjdk.hotspot.jre.full.win32.x86_64_21.0.4.v20240802-1551\jre\bin\extnet.dll

Deoptimization events (20 events):
Event: 47651.738 Thread 0x000001fcc27141b0 DEOPT PACKING pc=0x000001fca04b6a94 sp=0x00000029a95fbb10
Event: 47651.738 Thread 0x000001fcc27141b0 DEOPT UNPACKING pc=0x000001fca6cd4e42 sp=0x00000029a95fafe8 mode 1
Event: 47651.742 Thread 0x000001fcc27141b0 Uncommon trap: trap_request=0xffffff97 fr.pc=0x000001fca7a62b84 relative=0x0000000000001064
Event: 47651.742 Thread 0x000001fcc27141b0 Uncommon trap: reason=unhandled action=none pc=0x000001fca7a62b84 method=java.net.URLClassLoader.findClass(Ljava/lang/String;)Ljava/lang/Class; @ 44 c2
Event: 47651.742 Thread 0x000001fcc27141b0 DEOPT PACKING pc=0x000001fca7a62b84 sp=0x00000029a95fb090
Event: 47651.742 Thread 0x000001fcc27141b0 DEOPT UNPACKING pc=0x000001fca6cd46a2 sp=0x00000029a95fb010 mode 2
Event: 47651.742 Thread 0x000001fcc27141b0 DEOPT PACKING pc=0x000001fca79ec69c sp=0x00000029a95fb140
Event: 47651.742 Thread 0x000001fcc27141b0 DEOPT UNPACKING pc=0x000001fca6cd4e42 sp=0x00000029a95fa600 mode 1
Event: 47651.742 Thread 0x000001fcc27141b0 Uncommon trap: trap_request=0xffffff97 fr.pc=0x000001fca76b7b38 relative=0x0000000000000638
Event: 47651.742 Thread 0x000001fcc27141b0 Uncommon trap: reason=unhandled action=none pc=0x000001fca76b7b38 method=java.lang.Class.getMethod(Ljava/lang/String;[Ljava/lang/Class;)Ljava/lang/reflect/Method; @ 49 c2
Event: 47651.742 Thread 0x000001fcc27141b0 DEOPT PACKING pc=0x000001fca76b7b38 sp=0x00000029a95fc440
Event: 47651.742 Thread 0x000001fcc27141b0 DEOPT UNPACKING pc=0x000001fca6cd46a2 sp=0x00000029a95fc428 mode 2
Event: 47651.743 Thread 0x000001fcc27141b0 DEOPT PACKING pc=0x000001fca07718e4 sp=0x00000029a95fc4e0
Event: 47651.743 Thread 0x000001fcc27141b0 DEOPT UNPACKING pc=0x000001fca6cd4e42 sp=0x00000029a95fb9b0 mode 1
Event: 47651.743 Thread 0x000001fcc27141b0 Uncommon trap: trap_request=0xffffff97 fr.pc=0x000001fca76b7b38 relative=0x0000000000000638
Event: 47651.743 Thread 0x000001fcc27141b0 Uncommon trap: reason=unhandled action=none pc=0x000001fca76b7b38 method=java.lang.Class.getMethod(Ljava/lang/String;[Ljava/lang/Class;)Ljava/lang/reflect/Method; @ 49 c2
Event: 47651.743 Thread 0x000001fcc27141b0 DEOPT PACKING pc=0x000001fca76b7b38 sp=0x00000029a95fc430
Event: 47651.743 Thread 0x000001fcc27141b0 DEOPT UNPACKING pc=0x000001fca6cd46a2 sp=0x00000029a95fc430 mode 2
Event: 47652.043 Thread 0x000001fcc27141b0 DEOPT PACKING pc=0x000001fca7d17a04 sp=0x00000029a95fc220
Event: 47652.043 Thread 0x000001fcc27141b0 DEOPT UNPACKING pc=0x000001fca6cd4e42 sp=0x00000029a95fb6a8 mode 0

Classes loaded (20 events):
Event: 11617.869 Loading class javax/net/ssl/TrustManager
Event: 11617.869 Loading class javax/net/ssl/TrustManager done
Event: 11617.869 Loading class javax/crypto/NoSuchPaddingException
Event: 11617.869 Loading class javax/crypto/NoSuchPaddingException done
Event: 11617.869 Loading class javax/crypto/IllegalBlockSizeException
Event: 11617.869 Loading class javax/crypto/IllegalBlockSizeException done
Event: 11617.869 Loading class javax/crypto/BadPaddingException
Event: 11617.870 Loading class javax/crypto/BadPaddingException done
Event: 11617.870 Loading class javax/net/ssl/SSLSocket
Event: 11617.870 Loading class javax/net/ssl/SSLSocket done
Event: 44778.224 Loading class java/util/concurrent/locks/AbstractQueuedSynchronizer$SharedNode
Event: 44778.224 Loading class java/util/concurrent/locks/AbstractQueuedSynchronizer$SharedNode done
Event: 44778.341 Loading class java/lang/ref/Finalizer$2
Event: 44778.341 Loading class java/lang/ref/Finalizer$2 done
Event: 44778.342 Loading class java/lang/ref/Finalizer$1
Event: 44778.342 Loading class java/lang/ref/Finalizer$1 done
Event: 44781.764 Loading class java/time/DurationEditor
Event: 44781.764 Loading class java/time/DurationEditor done
Event: 44790.854 Loading class java/lang/invoke/MethodHandleImpl$CountingWrapper$1
Event: 44790.855 Loading class java/lang/invoke/MethodHandleImpl$CountingWrapper$1 done

Classes unloaded (20 events):
Event: 44790.194 Thread 0x000001fcb648c6a0 Unloading class 0x0000000800440c00 'java/lang/invoke/LambdaForm$MH+0x0000000800440c00'
Event: 44790.194 Thread 0x000001fcb648c6a0 Unloading class 0x0000000800434c00 'java/lang/invoke/LambdaForm$MH+0x0000000800434c00'
Event: 44790.194 Thread 0x000001fcb648c6a0 Unloading class 0x000000080041c400 'java/lang/invoke/LambdaForm$MH+0x000000080041c400'
Event: 44790.194 Thread 0x000001fcb648c6a0 Unloading class 0x00000008001bd400 'java/lang/invoke/LambdaForm$MH+0x00000008001bd400'
Event: 44790.194 Thread 0x000001fcb648c6a0 Unloading class 0x0000000800000400 'java/lang/invoke/LambdaForm$MH+0x0000000800000400'
Event: 45178.760 Thread 0x000001fcb648c6a0 Unloading class 0x0000000800165800 'org/apache/catalina/loader/JdbcLeakPrevention'
Event: 45178.760 Thread 0x000001fcb648c6a0 Unloading class 0x0000000800288c00 'java/lang/invoke/LambdaForm$MH+0x0000000800288c00'
Event: 46031.971 Thread 0x000001fcb648c6a0 Unloading class 0x0000000800b70800 'org/apache/catalina/loader/JdbcLeakPrevention'
Event: 46054.573 Thread 0x000001fcb648c6a0 Unloading class 0x0000000800b88800 'org/apache/catalina/loader/JdbcLeakPrevention'
Event: 46481.861 Thread 0x000001fcb648c6a0 Unloading class 0x0000000800b99000 'org/apache/catalina/loader/JdbcLeakPrevention'
Event: 46744.557 Thread 0x000001fcb648c6a0 Unloading class 0x0000000800bb4000 'org/apache/catalina/loader/JdbcLeakPrevention'
Event: 46853.960 Thread 0x000001fcb648c6a0 Unloading class 0x0000000800bcc800 'org/apache/catalina/loader/JdbcLeakPrevention'
Event: 46931.385 Thread 0x000001fcb648c6a0 Unloading class 0x0000000800be4800 'org/apache/catalina/loader/JdbcLeakPrevention'
Event: 47027.145 Thread 0x000001fcb648c6a0 Unloading class 0x0000000800bf4800 'org/apache/catalina/loader/JdbcLeakPrevention'
Event: 47276.944 Thread 0x000001fcb648c6a0 Unloading class 0x0000000800c0c000 'org/apache/catalina/loader/JdbcLeakPrevention'
Event: 47286.055 Thread 0x000001fcb648c6a0 Unloading class 0x0000000800c24000 'org/apache/catalina/loader/JdbcLeakPrevention'
Event: 47306.708 Thread 0x000001fcb648c6a0 Unloading class 0x0000000800c38800 'org/apache/catalina/loader/JdbcLeakPrevention'
Event: 47330.666 Thread 0x000001fcb648c6a0 Unloading class 0x0000000800c55800 'org/apache/catalina/loader/JdbcLeakPrevention'
Event: 47330.666 Thread 0x000001fcb648c6a0 Unloading class 0x0000000800c54000 'org/apache/catalina/loader/JdbcLeakPrevention'
Event: 47467.252 Thread 0x000001fcb648c6a0 Unloading class 0x0000000800c90800 'org/apache/catalina/loader/JdbcLeakPrevention'

Classes redefined (0 events):
No events

Internal exceptions (20 events):
Event: 47330.720 Thread 0x000001fcc2177450 Exception <a 'sun/nio/fs/WindowsException'{0x000000070926d100}> (0x000000070926d100) 
thrown [s\src\hotspot\share\prims\jni.cpp, line 520]
Event: 47330.974 Thread 0x000001fcc2177450 Exception <a 'java/lang/NoClassDefFoundError'{0x000000070799f898}: org/flywaydb/core/Flyway> (0x000000070799f898) 
thrown [s\src\hotspot\share\oops\constantPool.cpp, line 873]
Event: 47330.975 Thread 0x000001fcc2177450 Exception <a 'java/lang/NoClassDefFoundError'{0x000000070799fef8}: liquibase/integration/spring/SpringLiquibase> (0x000000070799fef8) 
thrown [s\src\hotspot\share\oops\constantPool.cpp, line 873]
Event: 47330.978 Thread 0x000001fcc2177450 Exception <a 'java/lang/NoClassDefFoundError'{0x00000007079fae30}: org/jooq/DSLContext> (0x00000007079fae30) 
thrown [s\src\hotspot\share\oops\constantPool.cpp, line 873]
Event: 47330.980 Thread 0x000001fcc2177450 Exception <a 'java/lang/NoClassDefFoundError'{0x0000000707603e00}: org/springframework/batch/core/repository/JobRepository> (0x0000000707603e00) 
thrown [s\src\hotspot\share\oops\constantPool.cpp, line 873]
Event: 47330.982 Thread 0x000001fcc2177450 Exception <a 'java/lang/NoClassDefFoundError'{0x0000000707604458}: org/quartz/Scheduler> (0x0000000707604458) 
thrown [s\src\hotspot\share\oops\constantPool.cpp, line 873]
Event: 47330.983 Thread 0x000001fcc2177450 Exception <a 'java/lang/NoClassDefFoundError'{0x0000000707604ad8}: org/springframework/session/jdbc/JdbcIndexedSessionRepository> (0x0000000707604ad8) 
thrown [s\src\hotspot\share\oops\constantPool.cpp, line 873]
Event: 47331.028 Thread 0x000001fcc2177450 Exception <a 'java/io/FileNotFoundException'{0x00000007070a0b20}> (0x00000007070a0b20) 
thrown [s\src\hotspot\share\prims\jni.cpp, line 520]
Event: 47331.049 Thread 0x000001fcc2177450 Exception <a 'java/io/FileNotFoundException'{0x0000000706e94438}> (0x0000000706e94438) 
thrown [s\src\hotspot\share\prims\jni.cpp, line 520]
Event: 47331.630 Thread 0x000001fcc2177450 Exception <a 'java/lang/ClassCastException'{0x0000000708be6848}: class org.hibernate.validator.messageinterpolation.ParameterMessageInterpolator cannot be cast to class jakarta.validation.MessageInterpolator (org.hibernate.validator.messageinterpolation.ParameterMessageInterpolator and jakarta.validation.MessageInterpolator are in unnamed module of loader 'app')> (0x0000000708be6848) 
thrown [s\src\hotspot\share\interpreter\interpreterRuntime.cpp, line 455]
Event: 47650.712 Thread 0x000001fcc217d6c0 Exception <a 'java/lang/InterruptedException'{0x0000000707bb6e30}: sleep interrupted> (0x0000000707bb6e30) 
thrown [s\src\hotspot\share\prims\jvm.cpp, line 3074]
Event: 47650.786 Thread 0x000001fcc27141b0 Exception <a 'sun/nio/fs/WindowsException'{0x00000007092658d0}> (0x00000007092658d0) 
thrown [s\src\hotspot\share\prims\jni.cpp, line 520]
Event: 47651.144 Thread 0x000001fcc27141b0 Exception <a 'java/lang/NoClassDefFoundError'{0x00000007079c43e0}: org/flywaydb/core/Flyway> (0x00000007079c43e0) 
thrown [s\src\hotspot\share\oops\constantPool.cpp, line 873]
Event: 47651.146 Thread 0x000001fcc27141b0 Exception <a 'java/lang/NoClassDefFoundError'{0x00000007079c4a40}: liquibase/integration/spring/SpringLiquibase> (0x00000007079c4a40) 
thrown [s\src\hotspot\share\oops\constantPool.cpp, line 873]
Event: 47651.151 Thread 0x000001fcc27141b0 Exception <a 'java/lang/NoClassDefFoundError'{0x0000000707620b50}: org/jooq/DSLContext> (0x0000000707620b50) 
thrown [s\src\hotspot\share\oops\constantPool.cpp, line 873]
Event: 47651.153 Thread 0x000001fcc27141b0 Exception <a 'java/lang/NoClassDefFoundError'{0x0000000707629660}: org/springframework/batch/core/repository/JobRepository> (0x0000000707629660) 
thrown [s\src\hotspot\share\oops\constantPool.cpp, line 873]
Event: 47651.156 Thread 0x000001fcc27141b0 Exception <a 'java/lang/NoClassDefFoundError'{0x0000000707629cb8}: org/quartz/Scheduler> (0x0000000707629cb8) 
thrown [s\src\hotspot\share\oops\constantPool.cpp, line 873]
Event: 47651.158 Thread 0x000001fcc27141b0 Exception <a 'java/lang/NoClassDefFoundError'{0x000000070762a338}: org/springframework/session/jdbc/JdbcIndexedSessionRepository> (0x000000070762a338) 
thrown [s\src\hotspot\share\oops\constantPool.cpp, line 873]
Event: 47651.223 Thread 0x000001fcc27141b0 Exception <a 'java/io/FileNotFoundException'{0x00000007070c8e90}> (0x00000007070c8e90) 
thrown [s\src\hotspot\share\prims\jni.cpp, line 520]
Event: 47651.246 Thread 0x000001fcc27141b0 Exception <a 'java/io/FileNotFoundException'{0x0000000706ebdf18}> (0x0000000706ebdf18) 
thrown [s\src\hotspot\share\prims\jni.cpp, line 520]

ZGC Phase Switch (0 events):
No events

VM Operations (20 events):
Event: 47652.254 Executing VM operation: get/set locals
Event: 47652.254 Executing VM operation: get/set locals done
Event: 47652.254 Executing VM operation: get/set locals
Event: 47652.254 Executing VM operation: get/set locals done
Event: 47652.255 Executing VM operation: get/set locals
Event: 47652.255 Executing VM operation: get/set locals done
Event: 47652.255 Executing VM operation: get/set locals
Event: 47652.255 Executing VM operation: get/set locals done
Event: 47652.256 Executing VM operation: get/set locals
Event: 47652.256 Executing VM operation: get/set locals done
Event: 47652.256 Executing VM operation: get/set locals
Event: 47652.256 Executing VM operation: get/set locals done
Event: 47652.257 Executing VM operation: get/set locals
Event: 47652.257 Executing VM operation: get/set locals done
Event: 47652.257 Executing VM operation: get/set locals
Event: 47652.257 Executing VM operation: get/set locals done
Event: 47652.258 Executing VM operation: get/set locals
Event: 47652.258 Executing VM operation: get/set locals done
Event: 47652.259 Executing VM operation: get/set locals
Event: 47652.259 Executing VM operation: get/set locals done

Memory protections (0 events):
No events

Nmethod flushes (20 events):
Event: 47650.744 Thread 0x000001fcb648c6a0 flushing  nmethod 0x000001fc9f9c7110
Event: 47650.744 Thread 0x000001fcb648c6a0 flushing  nmethod 0x000001fc9faeeb90
Event: 47650.744 Thread 0x000001fcb648c6a0 flushing  nmethod 0x000001fc9fb70b90
Event: 47650.744 Thread 0x000001fcb648c6a0 flushing  nmethod 0x000001fc9fb79610
Event: 47650.744 Thread 0x000001fcb648c6a0 flushing  nmethod 0x000001fc9fce7010
Event: 47650.744 Thread 0x000001fcb648c6a0 flushing  nmethod 0x000001fc9fdd0990
Event: 47650.744 Thread 0x000001fcb648c6a0 flushing  nmethod 0x000001fc9ff16c90
Event: 47650.744 Thread 0x000001fcb648c6a0 flushing  nmethod 0x000001fca0124f10
Event: 47650.744 Thread 0x000001fcb648c6a0 flushing  nmethod 0x000001fca0160890
Event: 47650.744 Thread 0x000001fcb648c6a0 flushing  nmethod 0x000001fca01dbe90
Event: 47650.744 Thread 0x000001fcb648c6a0 flushing  nmethod 0x000001fca0247990
Event: 47650.744 Thread 0x000001fcb648c6a0 flushing  nmethod 0x000001fca0248d10
Event: 47650.744 Thread 0x000001fcb648c6a0 flushing  nmethod 0x000001fca024a710
Event: 47650.744 Thread 0x000001fcb648c6a0 flushing  nmethod 0x000001fca02bf910
Event: 47650.744 Thread 0x000001fcb648c6a0 flushing  nmethod 0x000001fca034ae10
Event: 47650.744 Thread 0x000001fcb648c6a0 flushing  nmethod 0x000001fca03c7c10
Event: 47650.744 Thread 0x000001fcb648c6a0 flushing  nmethod 0x000001fca0445f90
Event: 47650.744 Thread 0x000001fcb648c6a0 flushing  nmethod 0x000001fca0449b90
Event: 47650.744 Thread 0x000001fcb648c6a0 flushing  nmethod 0x000001fca0493510
Event: 47650.744 Thread 0x000001fcb648c6a0 flushing  nmethod 0x000001fca0816490

Events (20 events):
Event: 47650.705 Thread 0x000001fcc2716fa0 Thread exited: 0x000001fcc2716fa0
Event: 47650.705 Thread 0x000001fcc217bc80 Thread exited: 0x000001fcc217bc80
Event: 47650.707 Thread 0x000001fcc2717cc0 Thread added: 0x000001fcc2716fa0
Event: 47650.707 Thread 0x000001fcc2176730 Thread exited: 0x000001fcc2176730
Event: 47650.709 Thread 0x000001fcc2716fa0 Thread exited: 0x000001fcc2716fa0
Event: 47650.712 Thread 0x000001fcc217d6c0 Thread exited: 0x000001fcc217d6c0
Event: 47650.712 Thread 0x000001fcc21760a0 Thread exited: 0x000001fcc21760a0
Event: 47650.775 Thread 0x000001fcc217c9a0 Thread exited: 0x000001fcc217c9a0
Event: 47650.776 Thread 0x000001fcc2717cc0 Thread added: 0x000001fcc2716fa0
Event: 47650.776 Thread 0x000001fcc2716fa0 Thread exited: 0x000001fcc2716fa0
Event: 47650.777 Thread 0x000001fcc2717cc0 Thread added: 0x000001fcc27141b0
Event: 47650.867 Thread 0x000001fcc27141b0 Thread added: 0x000001fcc2712e00
Event: 47650.910 Thread 0x000001fcc2712e00 Thread exited: 0x000001fcc2712e00
Event: 47651.247 Thread 0x000001fcc27141b0 Thread added: 0x000001fcc2716fa0
Event: 47651.247 Thread 0x000001fcc27141b0 Thread added: 0x000001fcc2712e00
Event: 47651.248 Thread 0x000001fcc27141b0 Thread added: 0x000001fcc2717630
Event: 47651.283 Thread 0x000001fcc27141b0 Thread added: 0x000001fcc27189e0
Event: 47651.345 Thread 0x000001fcb6552fa0 Thread added: 0x000001fcbcdae900
Event: 47651.395 Thread 0x000001fcc27189e0 Thread added: 0x000001fcc217c9a0
Event: 47651.471 Thread 0x000001fcb6552fa0 Thread added: 0x000001fcbcdaefd0


Dynamic libraries:
0x00007ff782cf0000 - 0x00007ff782cfe000 	F:\intrust\sts-4.26.0.RELEASE\plugins\org.eclipse.justj.openjdk.hotspot.jre.full.win32.x86_64_21.0.4.v20240802-1551\jre\bin\javaw.exe
0x00007ffed7470000 - 0x00007ffed7687000 	C:\WINDOWS\SYSTEM32\ntdll.dll
0x00007ffed6ea0000 - 0x00007ffed6f64000 	C:\WINDOWS\System32\KERNEL32.DLL
0x00007ffed4a00000 - 0x00007ffed4db9000 	C:\WINDOWS\System32\KERNELBASE.dll
0x00007ffed48e0000 - 0x00007ffed49f1000 	C:\WINDOWS\System32\ucrtbase.dll
0x00007ffe5a420000 - 0x00007ffe5a43b000 	F:\intrust\sts-4.26.0.RELEASE\plugins\org.eclipse.justj.openjdk.hotspot.jre.full.win32.x86_64_21.0.4.v20240802-1551\jre\bin\VCRUNTIME140.dll
0x00007ffe5a440000 - 0x00007ffe5a458000 	F:\intrust\sts-4.26.0.RELEASE\plugins\org.eclipse.justj.openjdk.hotspot.jre.full.win32.x86_64_21.0.4.v20240802-1551\jre\bin\jli.dll
0x00007ffed68c0000 - 0x00007ffed6a6e000 	C:\WINDOWS\System32\USER32.dll
0x00007ffed4fd0000 - 0x00007ffed4ff6000 	C:\WINDOWS\System32\win32u.dll
0x00007ffed6f70000 - 0x00007ffed6f99000 	C:\WINDOWS\System32\GDI32.dll
0x00007ffed4eb0000 - 0x00007ffed4fcb000 	C:\WINDOWS\System32\gdi32full.dll
0x00007ffed5000000 - 0x00007ffed509a000 	C:\WINDOWS\System32\msvcp_win.dll
0x00007ffebe030000 - 0x00007ffebe2c2000 	C:\WINDOWS\WinSxS\amd64_microsoft.windows.common-controls_6595b64144ccf1df_6.0.22621.4391_none_2715d37f73803e96\COMCTL32.dll
0x00007ffed6bf0000 - 0x00007ffed6c97000 	C:\WINDOWS\System32\msvcrt.dll
0x00007ffed6780000 - 0x00007ffed67b1000 	C:\WINDOWS\System32\IMM32.DLL
0x00007ffec6c80000 - 0x00007ffec6dda000 	\\?\DjJAezyNUAjTYBlFkjYanBOPWYK\GLOBAL??\C:\WINDOWS\system32\tmumh\20019\AddOn\8.55.0.1333\TmUmEvt64.dll
0x00007ffed5190000 - 0x00007ffed5198000 	C:\WINDOWS\System32\PSAPI.DLL
0x00007ffed66c0000 - 0x00007ffed6772000 	C:\WINDOWS\System32\ADVAPI32.dll
0x00007ffed6ae0000 - 0x00007ffed6b87000 	C:\WINDOWS\System32\sechost.dll
0x00007ffed4e80000 - 0x00007ffed4ea8000 	C:\WINDOWS\System32\bcrypt.dll
0x00007ffed7280000 - 0x00007ffed7394000 	C:\WINDOWS\System32\RPCRT4.dll
0x0000000072a20000 - 0x0000000072b9e000 	\\?\DjJAezyNUAjTYBlFkjYanBOPWYK\GLOBAL??\C:\WINDOWS\system32\tmumh\20019\TmMon\2.9.0.1176\tmmon64.dll
0x00007ffead2d0000 - 0x00007ffead2dc000 	F:\intrust\sts-4.26.0.RELEASE\plugins\org.eclipse.justj.openjdk.hotspot.jre.full.win32.x86_64_21.0.4.v20240802-1551\jre\bin\vcruntime140_1.dll
0x00007ffe5a390000 - 0x00007ffe5a41e000 	F:\intrust\sts-4.26.0.RELEASE\plugins\org.eclipse.justj.openjdk.hotspot.jre.full.win32.x86_64_21.0.4.v20240802-1551\jre\bin\msvcp140.dll
0x00007ffe65140000 - 0x00007ffe65ec8000 	F:\intrust\sts-4.26.0.RELEASE\plugins\org.eclipse.justj.openjdk.hotspot.jre.full.win32.x86_64_21.0.4.v20240802-1551\jre\bin\server\jvm.dll
0x00007ffed70a0000 - 0x00007ffed7111000 	C:\WINDOWS\System32\WS2_32.dll
0x00007ffed4590000 - 0x00007ffed45dd000 	C:\WINDOWS\SYSTEM32\POWRPROF.dll
0x00007ffed0e50000 - 0x00007ffed0e84000 	C:\WINDOWS\SYSTEM32\WINMM.dll
0x00007ffecc960000 - 0x00007ffecc96a000 	C:\WINDOWS\SYSTEM32\VERSION.dll
0x00007ffed4470000 - 0x00007ffed4483000 	C:\WINDOWS\SYSTEM32\UMPDC.dll
0x00007ffed3750000 - 0x00007ffed3768000 	C:\WINDOWS\SYSTEM32\kernel.appcore.dll
0x00007ffec4940000 - 0x00007ffec494a000 	F:\intrust\sts-4.26.0.RELEASE\plugins\org.eclipse.justj.openjdk.hotspot.jre.full.win32.x86_64_21.0.4.v20240802-1551\jre\bin\jimage.dll
0x00007ffec2b20000 - 0x00007ffec2d52000 	C:\WINDOWS\SYSTEM32\DBGHELP.DLL
0x00007ffed6320000 - 0x00007ffed66af000 	C:\WINDOWS\System32\combase.dll
0x00007ffed6230000 - 0x00007ffed6307000 	C:\WINDOWS\System32\OLEAUT32.dll
0x00007ffec2a20000 - 0x00007ffec2a52000 	C:\WINDOWS\SYSTEM32\dbgcore.DLL
0x00007ffed50a0000 - 0x00007ffed511b000 	C:\WINDOWS\System32\bcryptPrimitives.dll
0x00007ffeb9150000 - 0x00007ffeb918c000 	F:\intrust\sts-4.26.0.RELEASE\plugins\org.eclipse.justj.openjdk.hotspot.jre.full.win32.x86_64_21.0.4.v20240802-1551\jre\bin\jdwp.dll
0x00007ffed1040000 - 0x00007ffed104f000 	F:\intrust\sts-4.26.0.RELEASE\plugins\org.eclipse.justj.openjdk.hotspot.jre.full.win32.x86_64_21.0.4.v20240802-1551\jre\bin\instrument.dll
0x00007ffe650e0000 - 0x00007ffe650ff000 	F:\intrust\sts-4.26.0.RELEASE\plugins\org.eclipse.justj.openjdk.hotspot.jre.full.win32.x86_64_21.0.4.v20240802-1551\jre\bin\java.dll
0x00007ffe650c0000 - 0x00007ffe650d8000 	F:\intrust\sts-4.26.0.RELEASE\plugins\org.eclipse.justj.openjdk.hotspot.jre.full.win32.x86_64_21.0.4.v20240802-1551\jre\bin\zip.dll
0x00007ffed5930000 - 0x00007ffed61a6000 	C:\WINDOWS\System32\SHELL32.dll
0x00007ffed26b0000 - 0x00007ffed2fb3000 	C:\WINDOWS\SYSTEM32\windows.storage.dll
0x00007ffed2570000 - 0x00007ffed26af000 	C:\WINDOWS\SYSTEM32\wintypes.dll
0x00007ffed67c0000 - 0x00007ffed68b9000 	C:\WINDOWS\System32\SHCORE.dll
0x00007ffed61b0000 - 0x00007ffed620e000 	C:\WINDOWS\System32\shlwapi.dll
0x00007ffed46a0000 - 0x00007ffed46cb000 	C:\WINDOWS\SYSTEM32\profapi.dll
0x00007ffed0ee0000 - 0x00007ffed0eeb000 	F:\intrust\sts-4.26.0.RELEASE\plugins\org.eclipse.justj.openjdk.hotspot.jre.full.win32.x86_64_21.0.4.v20240802-1551\jre\bin\dt_socket.dll
0x00007ffed3220000 - 0x00007ffed324d000 	C:\WINDOWS\SYSTEM32\IPHLPAPI.DLL
0x00007ffed3c30000 - 0x00007ffed3c99000 	C:\WINDOWS\system32\mswsock.dll
0x00007ffed3290000 - 0x00007ffed3392000 	C:\WINDOWS\SYSTEM32\DNSAPI.dll
0x00007ffed6310000 - 0x00007ffed6319000 	C:\WINDOWS\System32\NSI.dll
0x00007ffec5b80000 - 0x00007ffec5b8a000 	C:\Windows\System32\rasadhlp.dll
0x00007ffece3f0000 - 0x00007ffece473000 	C:\WINDOWS\System32\fwpuclnt.dll
0x00007ffeb5230000 - 0x00007ffeb5240000 	F:\intrust\sts-4.26.0.RELEASE\plugins\org.eclipse.justj.openjdk.hotspot.jre.full.win32.x86_64_21.0.4.v20240802-1551\jre\bin\net.dll
0x00007ffed07c0000 - 0x00007ffed08f6000 	C:\WINDOWS\SYSTEM32\WINHTTP.dll
0x00007ffe64f00000 - 0x00007ffe64f16000 	F:\intrust\sts-4.26.0.RELEASE\plugins\org.eclipse.justj.openjdk.hotspot.jre.full.win32.x86_64_21.0.4.v20240802-1551\jre\bin\nio.dll
0x00007ffec5ae0000 - 0x00007ffec5af0000 	F:\intrust\sts-4.26.0.RELEASE\plugins\org.eclipse.justj.openjdk.hotspot.jre.full.win32.x86_64_21.0.4.v20240802-1551\jre\bin\verify.dll
0x00007ffec1c90000 - 0x00007ffec1c9a000 	F:\intrust\sts-4.26.0.RELEASE\plugins\org.eclipse.justj.openjdk.hotspot.jre.full.win32.x86_64_21.0.4.v20240802-1551\jre\bin\management.dll
0x00007ffec1c80000 - 0x00007ffec1c8b000 	F:\intrust\sts-4.26.0.RELEASE\plugins\org.eclipse.justj.openjdk.hotspot.jre.full.win32.x86_64_21.0.4.v20240802-1551\jre\bin\management_ext.dll
0x00007ffeb3060000 - 0x00007ffeb306e000 	F:\intrust\sts-4.26.0.RELEASE\plugins\org.eclipse.justj.openjdk.hotspot.jre.full.win32.x86_64_21.0.4.v20240802-1551\jre\bin\sunmscapi.dll
0x00007ffed4770000 - 0x00007ffed48d6000 	C:\WINDOWS\System32\CRYPT32.dll
0x00007ffed4040000 - 0x00007ffed406d000 	C:\WINDOWS\SYSTEM32\ncrypt.dll
0x00007ffed4000000 - 0x00007ffed4037000 	C:\WINDOWS\SYSTEM32\NTASN1.dll
0x00007ffed3e80000 - 0x00007ffed3e9b000 	C:\WINDOWS\SYSTEM32\CRYPTSP.dll
0x00007ffed3710000 - 0x00007ffed3745000 	C:\WINDOWS\system32\rsaenh.dll
0x00007ffed3d20000 - 0x00007ffed3d48000 	C:\WINDOWS\SYSTEM32\USERENV.dll
0x00007ffed3ea0000 - 0x00007ffed3eac000 	C:\WINDOWS\SYSTEM32\CRYPTBASE.dll
0x00007ffec1c60000 - 0x00007ffec1c69000 	F:\intrust\sts-4.26.0.RELEASE\plugins\org.eclipse.justj.openjdk.hotspot.jre.full.win32.x86_64_21.0.4.v20240802-1551\jre\bin\extnet.dll
0x00007ffec1c70000 - 0x00007ffec1c78000 	C:\WINDOWS\system32\wshunix.dll

dbghelp: loaded successfully - version: 4.0.5 - missing functions: none
symbol engine: initialized successfully - sym options: 0x614 - pdb path: .;F:\intrust\sts-4.26.0.RELEASE\plugins\org.eclipse.justj.openjdk.hotspot.jre.full.win32.x86_64_21.0.4.v20240802-1551\jre\bin;C:\WINDOWS\SYSTEM32;C:\WINDOWS\WinSxS\amd64_microsoft.windows.common-controls_6595b64144ccf1df_6.0.22621.4391_none_2715d37f73803e96;\\?\DjJAezyNUAjTYBlFkjYanBOPWYK\GLOBAL??\C:\WINDOWS\system32\tmumh\20019\AddOn\8.55.0.1333;\\?\DjJAezyNUAjTYBlFkjYanBOPWYK\GLOBAL??\C:\WINDOWS\system32\tmumh\20019\TmMon\2.9.0.1176;F:\intrust\sts-4.26.0.RELEASE\plugins\org.eclipse.justj.openjdk.hotspot.jre.full.win32.x86_64_21.0.4.v20240802-1551\jre\bin\server

VM Arguments:
jvm_args: -XX:+ShowCodeDetailsInExceptionMessages -agentlib:jdwp=transport=dt_socket,suspend=y,address=localhost:57154 -javaagent:F:\intrust\sts-4.26.0.RELEASE\configuration\org.eclipse.osgi\271\0\.cp\lib\javaagent-shaded.jar -Dfile.encoding=UTF-8 -Dstdout.encoding=UTF-8 -Dstderr.encoding=UTF-8 
java_command: com.hims.patient_care.PatientCareApplication
java_class_path (initial): F:\back-end\patient-care\target\classes;C:\Users\Admin\.m2\repository\org\springframework\boot\spring-boot-starter-data-jpa\3.3.5\spring-boot-starter-data-jpa-3.3.5.jar;C:\Users\Admin\.m2\repository\org\springframework\boot\spring-boot-starter-aop\3.3.5\spring-boot-starter-aop-3.3.5.jar;C:\Users\Admin\.m2\repository\org\aspectj\aspectjweaver\1.9.22.1\aspectjweaver-1.9.22.1.jar;C:\Users\Admin\.m2\repository\org\springframework\boot\spring-boot-starter-jdbc\3.3.5\spring-boot-starter-jdbc-3.3.5.jar;C:\Users\Admin\.m2\repository\com\zaxxer\HikariCP\5.1.0\HikariCP-5.1.0.jar;C:\Users\Admin\.m2\repository\org\springframework\spring-jdbc\6.1.14\spring-jdbc-6.1.14.jar;C:\Users\Admin\.m2\repository\org\hibernate\orm\hibernate-core\6.5.3.Final\hibernate-core-6.5.3.Final.jar;C:\Users\Admin\.m2\repository\jakarta\persistence\jakarta.persistence-api\3.1.0\jakarta.persistence-api-3.1.0.jar;C:\Users\Admin\.m2\repository\jakarta\transaction\jakarta.transaction-api\2.0.1\jakarta.transaction-api-2.0.1.jar;C:\Users\Admin\.m2\repository\org\hibernate\common\hibernate-commons-annotations\6.0.6.Final\hibernate-commons-annotations-6.0.6.Final.jar;C:\Users\Admin\.m2\repository\io\smallrye\jandex\3.1.2\jandex-3.1.2.jar;C:\Users\Admin\.m2\repository\net\bytebuddy\byte-buddy\1.14.19\byte-buddy-1.14.19.jar;C:\Users\Admin\.m2\repository\org\glassfish\jaxb\jaxb-runtime\4.0.5\jaxb-runtime-4.0.5.jar;C:\Users\Admin\.m2\repository\org\glassfish\jaxb\jaxb-core\4.0.5\jaxb-core-4.0.5.jar;C:\Users\Admin\.m2\repository\org\eclipse\angus\angus-activation\2.0.2\angus-activation-2.0.2.jar;C:\Users\Admin\.m2\repository\org\glassfish\jaxb\txw2\4.0.5\txw2-4.0.5.jar;C:\Users\Admin\.m2\repository\com\sun\istack\istack-commons-runtime\4.1.2\istack-commons-runtime-4.1.2.jar;C:\Users\Admin\.m2\repository\jakarta\inject\jakarta.inject-api\2.0.1\jakarta.inject-api-2.0.1.jar;C:\Users\Admin\.m2\repository\org\antlr\antlr4-runtime\4.13.0\antlr4-runtime-4.13.0.jar;C:\Users\Admin\.m2\repository\org\springframework\data\spring-data-jpa\3.3.5\spring-data-jpa-3.3.5.jar;C:\Users\Admin\.m2\repository\org\springframework\data\spring-data-commons\3.3.5\spring-data-commons-3.3.5.jar;C:\Users\Admin\.m2\repository\org\springframework\spring-orm\6.1.14\spring-orm-6.1.14.jar;C:\Users\Admin\.m2\repository\org\springframework\spring-context\6.1.14\spring-context-6.1.14.jar;C:\Users\Admin\.m2\repository\org\springframework\spring-tx\6.1.14\spring-tx-6.1.14.jar;C:\Users\Admin\.m2\repository\org\springframework\spring-beans\6.1.14\spring-beans-6.1.14.jar;C:\Users\Admin\.m2\repository\jakarta\annotation\jakarta.annotation-api\2.1.1\jakarta.annotation-api-2.1.1.jar;C:\Users\Admin\.m2\repository\org\springframework\spring-aspects\6.1.14\spring-aspects-6.1.14.jar;C:\Users\Admin\.m2\repository\org\springframework\boot\spring-boot-starter-security\3.3.5\spring-boot-starter-security-3.3.5.jar;C:\Users\Admin\.m2\repository\org\springframework\boot\spring-boot-starter\3.3.5\spring-boot-starter-3.3.5.jar;C:\Users\Admin\.m2\repository\org\springframework\boot\spring-boot-starter-logging\3.3.5\spring-boot-starter-logging-3.3.5.jar;C:\Users\Admin\.m2\repository\ch\qos\logback\logback-classic\1.5.11\logback-classic-1.5.11.jar;C:\Users\Admin\.m2\repository\ch\qos\logback\logback-core\1.5.11\logback-core-1.5.11.jar;C:\Users\Admin\.m2\repository\org\apache\logging\log4j\log4j-to-slf4j\2.23.1\log4j-to-slf4j-2.23.1.jar;C:\Users\Admin\.m2\repository\org\apache\logging\log4j\log4j-api\2.23.1\log4j-api-2.23.1.jar;C:\Users\Admin\.m2\repository\org\slf4j\jul-to-slf4j\2.0.16\jul-to-slf4j-2.0.16.jar;C:\Users\Admin\.m2\repository\org\yaml\snakeyaml\2.2\snakeyaml-2.2.jar;C:\Users\Admin\.m2\repository\org\springframework\spring-aop\6.1.14\spring-aop-6.1.14.jar;C:\Users\Admin\.m2\repository\org\springframework\security\spring-security-config\6.3.4\spring-security-config-6.3.4.jar;C:\Users\Admin\.m2\repository\org\springframework\security\spring-security-web\6.3.4\spring-security-web-6.3.4.jar;C:\Users\Admin\.m2\repository\org\springframework\spring-expression\6.1.14\spring-expression-6.1.14.jar;C:\Users\Admin\.m2\repository\org\springframework\boot\spring-boot-starter-thymeleaf\3.3.5\spring-boot-starter-thymeleaf-3.3.5.jar;C:\Users\Admin\.m2\repository\org\thymeleaf\thymeleaf-spring6\3.1.2.RELEASE\thymeleaf-spring6-3.1.2.RELEASE.jar;C:\Users\Admin\.m2\repository\org\thymeleaf\thymeleaf\3.1.2.RELEASE\thymeleaf-3.1.2.RELEASE.jar;C:\Users\Admin\.m2\repository\org\attoparser\attoparser\2.0.7.RELEASE\attoparser-2.0.7.RELEASE.jar;C:\Users\Admin\.m2\repository\org\unbescape\unbescape\1.1.6.RELEASE\unbescape-1.1.6.RELEASE.jar;C:\Users\Admin\.m2\repository\org\springframework\boot\spring-boot-starter-web\3.3.5\spring-boot-starter-web-3.3.5.jar;C:\Users\Admin\.m2\repository\org\springframework\boot\spring-boot-starter-tomcat\3.3.5\spring-boot-starter-tomcat-3.3.5.jar;C:\Users\Admin\.m2\repository\org\apache\tomcat\embed\tomcat-embed-core\10.1.31\tomcat-embed-core-10.1.31.jar;C:\Users\Admin\.m2\repository\org\apache\tomcat\embed\tomcat-embed-el\10.1.31\tomcat-embed-el-10.1.31.jar;C:\Users\Admin\.m2\repository\org\apache\tomcat\embed\tomcat-embed-websocket\10.1.31\tomcat-embed-websocket-10.1.31.jar;C:\Users\Admin\.m2\repository\org\springframework\spring-web\6.1.14\spring-web-6.1.14.jar;C:\Users\Admin\.m2\repository\io\micrometer\micrometer-observation\1.13.6\micrometer-observation-1.13.6.jar;C:\Users\Admin\.m2\repository\io\micrometer\micrometer-commons\1.13.6\micrometer-commons-1.13.6.jar;C:\Users\Admin\.m2\repository\org\springframework\spring-webmvc\6.1.14\spring-webmvc-6.1.14.jar;C:\Users\Admin\.m2\repository\org\thymeleaf\extras\thymeleaf-extras-springsecurity6\3.1.2.RELEASE\thymeleaf-extras-springsecurity6-3.1.2.RELEASE.jar;C:\Users\Admin\.m2\repository\org\slf4j\slf4j-api\2.0.16\slf4j-api-2.0.16.jar;C:\Users\Admin\.m2\repository\org\springframework\boot\spring-boot-devtools\3.3.5\spring-boot-devtools-3.3.5.jar;C:\Users\Admin\.m2\repository\org\springframework\boot\spring-boot\3.3.5\spring-boot-3.3.5.jar;C:\Users\Admin\.m2\repository\org\springframework\boot\spring-boot-autoconfigure\3.3.5\spring-boot-autoconfigure-3.3.5.jar;C:\Users\Admin\.m2\repository\org\projectlombok\lombok\1.18.34\lombok-1.18.34.jar;C:\Users\Admin\.m2\repository\jakarta\xml\bind\jakarta.xml.bind-api\4.0.2\jakarta.xml.bind-api-4.0.2.jar;C:\Users\Admin\.m2\repository\jakarta\activation\jakarta.activation-api\2.1.3\jakarta.activation-api-2.1.3.jar;C:\Users\Admin\.m2\repository\org\springframework\spring-core\6.1.14\spring-core-6.1.14.jar;C:\Users\Admin\.m2\repository\org\springframework\spring-jcl\6.1.14\spring-jcl-6.1.14.jar;C:\Users\Admin\.m2\repository\org\springframework\security\spring-security-core\6.3.4\spring-security-core-6.3.4.jar;C:\Users\Admin\.m2\repository\org\springframework\security\spring-security-crypto\6.3.4\spring-security-crypto-6.3.4.jar;C:\Users\Admin\.m2\repository\org\hibernate\validator\hibernate-validator-annotation-processor\6.1.5.Final\hibernate-validator-annotation-processor-6.1.5.Final.jar;C:\Users\Admin\.m2\repository\javax\validation\validation-api\2.0.1.Final\validation-api-2.0.1.Final.jar;C:\Users\Admin\.m2\repository\org\hibernate\validator\hibernate-validator\6.1.5.Final\hibernate-validator-6.1.5.Final.jar;C:\Users\Admin\.m2\repository\jakarta\validation\jakarta.validation-api\3.0.2\jakarta.validation-api-3.0.2.jar;C:\Users\Admin\.m2\repository\org\jboss\logging\jboss-logging\3.5.3.Final\jboss-logging-3.5.3.Final.jar;C:\Users\Admin\.m2\repository\com\fasterxml\classmate\1.7.0\classmate-1.7.0.jar;C:\Users\Admin\.m2\repository\org\springframework\boot\spring-boot-starter-oauth2-resource-server\3.3.5\spring-boot-starter-oauth2-resource-server-3.3.5.jar;C:\Users\Admin\.m2\repository\org\springframework\security\spring-security-oauth2-resource-server\6.3.4\spring-security-oauth2-resource-server-6.3.4.jar;C:\Users\Admin\.m2\repository\org\springframework\security\spring-security-oauth2-core\6.3.4\spring-security-oauth2-core-6.3.4.jar;C:\Users\Admin\.m2\repository\org\springframework\security\spring-security-oauth2-jose\6.3.4\spring-security-oauth2-jose-6.3.4.jar;C:\Users\Admin\.m2\repository\com\nimbusds\nimbus-jose-jwt\9.37.3\nimbus-jose-jwt-9.37.3.jar;C:\Users\Admin\.m2\repository\com\github\stephenc\jcip\jcip-annotations\1.0-1\jcip-annotations-1.0-1.jar;C:\Users\Admin\.m2\repository\io\jsonwebtoken\jjwt\0.12.6\jjwt-0.12.6.jar;C:\Users\Admin\.m2\repository\io\jsonwebtoken\jjwt-api\0.12.6\jjwt-api-0.12.6.jar;C:\Users\Admin\.m2\repository\io\jsonwebtoken\jjwt-impl\0.12.6\jjwt-impl-0.12.6.jar;C:\Users\Admin\.m2\repository\io\jsonwebtoken\jjwt-jackson\0.12.6\jjwt-jackson-0.12.6.jar;C:\Users\Admin\.m2\repository\com\fasterxml\jackson\core\jackson-databind\2.17.2\jackson-databind-2.17.2.jar;C:\Users\Admin\.m2\repository\com\fasterxml\jackson\core\jackson-annotations\2.17.2\jackson-annotations-2.17.2.jar;C:\Users\Admin\.m2\repository\com\fasterxml\jackson\core\jackson-core\2.17.2\jackson-core-2.17.2.jar;C:\Users\Admin\.m2\repository\com\mysql\mysql-connector-j\8.0.32\mysql-connector-j-8.0.32.jar;C:\Users\Admin\.m2\repository\org\springframework\boot\spring-boot-starter-json\3.3.5\spring-boot-starter-json-3.3.5.jar;C:\Users\Admin\.m2\repository\com\fasterxml\jackson\datatype\jackson-datatype-jdk8\2.17.2\jackson-datatype-jdk8-2.17.2.jar;C:\Users\Admin\.m2\repository\com\fasterxml\jackson\datatype\jackson-datatype-jsr310\2.17.2\jackson-datatype-jsr310-2.17.2.jar;C:\Users\Admin\.m2\repository\com\fasterxml\jackson\module\jackson-module-parameter-names\2.17.2\jackson-module-parameter-names-2.17.2.jar;C:\Users\Admin\.m2\repository\org\modelmapper\modelmapper\3.1.0\modelmapper-3.1.0.jar;C:\Users\Admin\.m2\repository\org\json\json\20210307\json-20210307.jar
Launcher Type: SUN_STANDARD

[Global flags]
     intx CICompilerCount                          = 4                                         {product} {ergonomic}
     uint ConcGCThreads                            = 2                                         {product} {ergonomic}
     uint G1ConcRefinementThreads                  = 8                                         {product} {ergonomic}
   size_t G1HeapRegionSize                         = 2097152                                   {product} {ergonomic}
    uintx GCDrainStackTargetSize                   = 64                                        {product} {ergonomic}
   size_t InitialHeapSize                          = 266338304                                 {product} {ergonomic}
   size_t MarkStackSize                            = 4194304                                   {product} {ergonomic}
   size_t MaxHeapSize                              = 4238344192                                {product} {ergonomic}
   size_t MaxNewSize                               = 2541748224                                {product} {ergonomic}
   size_t MinHeapDeltaBytes                        = 2097152                                   {product} {ergonomic}
   size_t MinHeapSize                              = 8388608                                   {product} {ergonomic}
    uintx NonNMethodCodeHeapSize                   = 5839372                                {pd product} {ergonomic}
    uintx NonProfiledCodeHeapSize                  = 122909434                              {pd product} {ergonomic}
    uintx ProfiledCodeHeapSize                     = 122909434                              {pd product} {ergonomic}
    uintx ReservedCodeCacheSize                    = 251658240                              {pd product} {ergonomic}
     bool SegmentedCodeCache                       = true                                      {product} {ergonomic}
     bool ShowCodeDetailsInExceptionMessages       = true                                   {manageable} {command line}
   size_t SoftMaxHeapSize                          = 4238344192                             {manageable} {ergonomic}
     bool UseCompressedOops                        = true                           {product lp64_product} {ergonomic}
     bool UseG1GC                                  = true                                      {product} {ergonomic}
     bool UseLargePagesIndividualAllocation        = false                                  {pd product} {ergonomic}

Logging:
Log output configuration:
 #0: stdout all=warning uptime,level,tags foldmultilines=false
 #1: stderr all=off uptime,level,tags foldmultilines=false

Environment Variables:
PATH=F:\intrust\sts-4.26.0.RELEASE\plugins\org.eclipse.justj.openjdk.hotspot.jre.full.win32.x86_64_21.0.4.v20240802-1551\jre\bin;F:/intrust/sts-4.26.0.RELEASE//plugins/org.eclipse.justj.openjdk.hotspot.jre.full.win32.x86_64_21.0.4.v20240802-1551/jre/bin/server;F:/intrust/sts-4.26.0.RELEASE//plugins/org.eclipse.justj.openjdk.hotspot.jre.full.win32.x86_64_21.0.4.v20240802-1551/jre/bin;C:\Program Files\Common Files\Oracle\Java\javapath;C:\WINDOWS\system32;C:\WINDOWS;C:\WINDOWS\System32\Wbem;C:\WINDOWS\System32\WindowsPowerShell\v1.0\;C:\WINDOWS\System32\OpenSSH\;C:\ProgramData\chocolatey\bin;C:\Program Files\nodejs\;%HOME_PAGE%\bin;C:\Program Files\Git\cmd;C:\Users\Admin\AppData\Local\Programs\Python\Python310\Scripts\;C:\Users\Admin\AppData\Local\Programs\Python\Python310\;C:\Users\Admin\AppData\Local\Microsoft\WindowsApps;C:\Users\Admin\AppData\Local\Programs\Microsoft VS Code\bin;C:\Users\Admin\AppData\Roaming\npm;F:\intrust\sts-4.26.0.RELEASE;
USERNAME=Sowmyashri
OS=Windows_NT
PROCESSOR_IDENTIFIER=Intel64 Family 6 Model 142 Stepping 12, GenuineIntel
TMP=C:\Users\Admin\AppData\Local\Temp
TEMP=C:\Users\Admin\AppData\Local\Temp




Periodic native trim disabled

---------------  S Y S T E M  ---------------

OS:
 Windows 11 , 64 bit Build 22621 (10.0.22621.4391)
OS uptime: 0 days 19:25 hours

CPU: total 8 (initial active 8) (4 cores per cpu, 2 threads per core) family 6 model 142 stepping 12 microcode 0xde, cx8, cmov, fxsr, ht, mmx, 3dnowpref, sse, sse2, sse3, ssse3, sse4.1, sse4.2, popcnt, lzcnt, tsc, tscinvbit, avx, avx2, aes, erms, clmul, bmi1, bmi2, adx, fma, vzeroupper, clflush, clflushopt, rdtscp, f16c
Processor Information for all 8 processors :
  Max Mhz: 1896, Current Mhz: 798, Mhz Limit: 796

Memory: 4k page, system-wide physical 16165M (6822M free)
TotalPageFile size 22053M (AvailPageFile size 8422M)
current process WorkingSet (physical memory assigned to process): 391M, peak: 409M
current process commit charge ("private bytes"): 432M, peak: 448M

vm_info: OpenJDK 64-Bit Server VM (21.0.4+7-LTS) for windows-amd64 JRE (21.0.4+7-LTS), built on 2024-07-16T00:00:00Z by "admin" with MS VC++ 17.7 (VS2022)

END.
